DEBUG 2013-04-11 10:06:47 -->Exspresso Server Boot
DEBUG 2013-04-11 10:06:47 -->Hooks Class Initialized
DEBUG 2013-04-11 10:06:47 -->Config Class Initialized
DEBUG 2013-04-11 10:06:47 -->Connect Driver Initialized
DEBUG 2013-04-11 10:06:48 -->Router Class Initialized
DEBUG 2013-04-11 10:06:48 -->Loader Class Initialized
ERROR 2013-04-11 10:06:48 -->Unable to validate uri ["migrate","admin"]
ERROR 2013-04-11 10:06:48 -->Unable to validate uri ["migrate","admin"]
ERROR 2013-04-11 10:06:48 -->Unable to validate uri ["migrate","admin"]
ERROR 2013-04-11 10:06:48 -->Unable to validate uri ["migrate","preview"]
ERROR 2013-04-11 10:06:48 -->Unable to validate uri ["user","adminAction"]
DEBUG 2013-04-11 10:06:49 -->Helper loaded: form_helper
DEBUG 2013-04-11 10:06:49 -->Helper loaded: url_helper
DEBUG 2013-04-11 10:06:49 -->Helper loaded: ckeditor_helper
DEBUG 2013-04-11 10:06:49 -->Helper loaded: date_helper
DEBUG 2013-04-11 10:06:50 -->Sqlite Driver Initialized
DEBUG 2013-04-11 10:06:50 -->Sqlite Driver initialized
DEBUG 2013-04-11 10:06:50 -->Session Class Initialized
DEBUG 2013-04-11 10:06:50 -->Model Class Initialized
DEBUG 2013-04-11 10:06:50 -->Database Forge Class Initialized
DEBUG 2013-04-11 10:06:50 -->Exceptions Class Initialized
DEBUG 2013-04-11 10:06:50 -->Sqlite Driver initialized
DEBUG 2013-04-11 10:06:50 -->Boot time: 3149ms
DEBUG 2013-04-11 10:06:50 -->Listening on port 3000
DEBUG 2013-04-11 10:06:50 -->e x s p r e s s o  v0.9.2
DEBUG 2013-04-11 10:06:50 -->copyright 2012-2013 Dark Overlord of Data
DEBUG 2013-04-11 10:06:50 -->Development environment started
DEBUG 2013-04-11 10:06:50 -->View at http://localhost:3000
DEBUG 2013-04-11 10:06:53 -->Hooks Class Initialized
DEBUG 2013-04-11 10:06:53 -->URI Class Initialized
DEBUG 2013-04-11 10:06:53 -->Output Class Initialized
DEBUG 2013-04-11 10:06:53 -->I18n Class Initialized
DEBUG 2013-04-11 10:06:53 -->Security Class Initialized
DEBUG 2013-04-11 10:06:53 -->Utf8 Class Initialized
DEBUG 2013-04-11 10:06:53 -->UTF-8 Support Enabled
DEBUG 2013-04-11 10:06:53 -->Input Class Initialized
DEBUG 2013-04-11 10:06:53 -->Global POST and COOKIE data sanitized
DEBUG 2013-04-11 10:06:53 -->Loader Class Initialized
DEBUG 2013-04-11 10:06:53 -->Controller Class Initialized
DEBUG 2013-04-11 10:06:53 -->Helper loaded: form_helper
DEBUG 2013-04-11 10:06:53 -->Helper loaded: url_helper
DEBUG 2013-04-11 10:06:53 -->Helper loaded: ckeditor_helper
DEBUG 2013-04-11 10:06:53 -->Helper loaded: date_helper
DEBUG 2013-04-11 10:06:53 -->Sqlite Driver Initialized
DEBUG 2013-04-11 10:06:53 -->Sqlite Driver initialized
DEBUG 2013-04-11 10:06:53 -->Session Class Initialized
DEBUG 2013-04-11 10:06:53 -->Session routines successfully run
DEBUG 2013-04-11 10:06:53 -->Template Class Initialized
DEBUG 2013-04-11 10:06:53 -->Parser Class Initialized
DEBUG 2013-04-11 10:06:53 -->Theme Class Initialized
DEBUG 2013-04-11 10:06:53 -->Sqlite Driver initialized
DEBUG 2013-04-11 10:06:53 -->File loaded: /home/bruce/Projects/exspresso/lib/application/views/home_page.eco
DEBUG 2013-04-11 10:06:53 -->File loaded: /home/bruce/Projects/exspresso/lib/application/themes/default/layout.eco
DEBUG 2013-04-11 10:06:53 -->Profiler Class Initialized
DEBUG 2013-04-11 10:06:53 -->Language file loaded: i18n/en/profiler.json
DEBUG 2013-04-11 10:06:53 -->Helper loaded: text_helper
DEBUG 2013-04-11 10:06:53 -->Final output sent to browser
DEBUG 2013-04-11 10:06:53 -->Total execution time: 414
[90mGET / [32m200 [90m741ms[0m
[90mGET /css/bootstrap.min.css [32m200 [90m112ms - 115.27kb[0m
[90mGET /css/bootstrap-responsive.min.css [32m200 [90m112ms - 16.17kb[0m
[90mGET /css/jquery-ui-1.8.24.custom.css [32m200 [90m109ms - 32.54kb[0m
[90mGET /google-code-prettify/prettify.css [32m200 [90m109ms - 675b[0m
[90mGET /css/site.css [32m200 [90m117ms - 1.62kb[0m
[90mGET /js/bootstrap.min.js [32m200 [90m14ms - 25.09kb[0m
[90mGET /js/jquery-1.8.1.min.js [32m200 [90m139ms - 90.62kb[0m
[90mGET /images/logo.png [32m200 [90m13ms - 9.85kb[0m
[90mGET /img/glyphicons-halflings.png [32m200 [90m6ms - 12.5kb[0m
[90mGET /js/jquery-ui-1.8.24.custom.min.js [32m200 [90m114ms - 200.23kb[0m
[90mGET /google-code-prettify/prettify.js [32m200 [90m170ms - 13.31kb[0m
[90mGET /favicon.ico [32m200 [90m3ms[0m
DEBUG 2013-04-11 10:07:03 -->Hooks Class Initialized
DEBUG 2013-04-11 10:07:03 -->URI Class Initialized
DEBUG 2013-04-11 10:07:03 -->Output Class Initialized
DEBUG 2013-04-11 10:07:03 -->I18n Class Initialized
DEBUG 2013-04-11 10:07:03 -->Security Class Initialized
DEBUG 2013-04-11 10:07:03 -->Utf8 Class Initialized
DEBUG 2013-04-11 10:07:03 -->UTF-8 Support Enabled
DEBUG 2013-04-11 10:07:03 -->Input Class Initialized
DEBUG 2013-04-11 10:07:03 -->Global POST and COOKIE data sanitized
DEBUG 2013-04-11 10:07:03 -->Loader Class Initialized
DEBUG 2013-04-11 10:07:03 -->Controller Class Initialized
DEBUG 2013-04-11 10:07:03 -->Helper loaded: form_helper
DEBUG 2013-04-11 10:07:03 -->Helper loaded: url_helper
DEBUG 2013-04-11 10:07:03 -->Helper loaded: ckeditor_helper
DEBUG 2013-04-11 10:07:03 -->Helper loaded: date_helper
DEBUG 2013-04-11 10:07:04 -->Sqlite Driver Initialized
DEBUG 2013-04-11 10:07:04 -->Sqlite Driver initialized
DEBUG 2013-04-11 10:07:04 -->Session Class Initialized
DEBUG 2013-04-11 10:07:04 -->Session routines successfully run
DEBUG 2013-04-11 10:07:04 -->Sqlite Driver initialized
DEBUG 2013-04-11 10:07:04 -->Parser Class Initialized
DEBUG 2013-04-11 10:07:04 -->File loaded: /home/bruce/Projects/exspresso/lib/application/views/welcome_message.eco
DEBUG 2013-04-11 10:07:04 -->Final output sent to browser
DEBUG 2013-04-11 10:07:04 -->Total execution time: 30
[90mGET /welcome [32m200 [90m209ms[0m
[90mGET /css/bootstrap.min.css [36m304 [90m3ms[0m
[90mGET /css/site.css [36m304 [90m4ms[0m
[90mGET /google-code-prettify/prettify.css [36m304 [90m3ms[0m
[90mGET /js/jquery-1.8.1.min.js [36m304 [90m2ms[0m
[90mGET /js/bootstrap.min.js [36m304 [90m2ms[0m
[90mGET /google-code-prettify/prettify.js [36m304 [90m2ms[0m
DEBUG 2013-04-11 10:07:07 -->Hooks Class Initialized
DEBUG 2013-04-11 10:07:07 -->URI Class Initialized
DEBUG 2013-04-11 10:07:07 -->Output Class Initialized
DEBUG 2013-04-11 10:07:07 -->I18n Class Initialized
DEBUG 2013-04-11 10:07:07 -->Security Class Initialized
DEBUG 2013-04-11 10:07:07 -->Utf8 Class Initialized
DEBUG 2013-04-11 10:07:07 -->UTF-8 Support Enabled
DEBUG 2013-04-11 10:07:07 -->Input Class Initialized
DEBUG 2013-04-11 10:07:07 -->Global POST and COOKIE data sanitized
DEBUG 2013-04-11 10:07:07 -->Loader Class Initialized
DEBUG 2013-04-11 10:07:07 -->Controller Class Initialized
DEBUG 2013-04-11 10:07:07 -->Helper loaded: form_helper
DEBUG 2013-04-11 10:07:07 -->Helper loaded: url_helper
DEBUG 2013-04-11 10:07:07 -->Helper loaded: ckeditor_helper
DEBUG 2013-04-11 10:07:07 -->Helper loaded: date_helper
DEBUG 2013-04-11 10:07:07 -->Sqlite Driver Initialized
DEBUG 2013-04-11 10:07:07 -->Sqlite Driver initialized
DEBUG 2013-04-11 10:07:07 -->Session Class Initialized
DEBUG 2013-04-11 10:07:07 -->Session routines successfully run
DEBUG 2013-04-11 10:07:07 -->Template Class Initialized
DEBUG 2013-04-11 10:07:07 -->Parser Class Initialized
DEBUG 2013-04-11 10:07:07 -->Theme Class Initialized
DEBUG 2013-04-11 10:07:07 -->Sqlite Driver initialized
DEBUG 2013-04-11 10:07:07 -->File loaded: /home/bruce/Projects/exspresso/lib/application/views/home_page.eco
DEBUG 2013-04-11 10:07:07 -->File loaded: /home/bruce/Projects/exspresso/lib/application/themes/default/layout.eco
DEBUG 2013-04-11 10:07:07 -->Profiler Class Initialized
DEBUG 2013-04-11 10:07:07 -->Language file loaded: i18n/en/profiler.json
DEBUG 2013-04-11 10:07:07 -->Helper loaded: text_helper
DEBUG 2013-04-11 10:07:07 -->Final output sent to browser
DEBUG 2013-04-11 10:07:07 -->Total execution time: 14
[90mGET / [32m200 [90m190ms[0m
[90mGET /js/jquery-1.8.1.min.js [36m304 [90m1ms[0m
[90mGET /css/bootstrap.min.css [36m304 [90m2ms[0m
[90mGET /css/site.css [36m304 [90m3ms[0m
[90mGET /css/bootstrap-responsive.min.css [36m304 [90m5ms[0m
[90mGET /css/jquery-ui-1.8.24.custom.css [36m304 [90m6ms[0m
[90mGET /google-code-prettify/prettify.css [36m304 [90m6ms[0m
[90mGET /js/jquery-ui-1.8.24.custom.min.js [36m304 [90m0ms[0m
[90mGET /js/bootstrap.min.js [36m304 [90m1ms[0m
[90mGET /google-code-prettify/prettify.js [36m304 [90m3ms[0m
[90mGET /images/logo.png [36m304 [90m3ms[0m
[90mGET /img/glyphicons-halflings.png [36m304 [90m1ms[0m
DEBUG 2013-04-11 10:07:09 -->Hooks Class Initialized
DEBUG 2013-04-11 10:07:09 -->URI Class Initialized
DEBUG 2013-04-11 10:07:09 -->Output Class Initialized
DEBUG 2013-04-11 10:07:09 -->I18n Class Initialized
DEBUG 2013-04-11 10:07:09 -->Security Class Initialized
DEBUG 2013-04-11 10:07:09 -->Utf8 Class Initialized
DEBUG 2013-04-11 10:07:09 -->UTF-8 Support Enabled
DEBUG 2013-04-11 10:07:09 -->Input Class Initialized
DEBUG 2013-04-11 10:07:09 -->Global POST and COOKIE data sanitized
DEBUG 2013-04-11 10:07:09 -->Loader Class Initialized
DEBUG 2013-04-11 10:07:09 -->Controller Class Initialized
DEBUG 2013-04-11 10:07:09 -->Helper loaded: form_helper
DEBUG 2013-04-11 10:07:09 -->Helper loaded: url_helper
DEBUG 2013-04-11 10:07:09 -->Helper loaded: ckeditor_helper
DEBUG 2013-04-11 10:07:09 -->Helper loaded: date_helper
DEBUG 2013-04-11 10:07:09 -->Sqlite Driver Initialized
DEBUG 2013-04-11 10:07:09 -->Sqlite Driver initialized
DEBUG 2013-04-11 10:07:09 -->Session Class Initialized
DEBUG 2013-04-11 10:07:09 -->Session routines successfully run
DEBUG 2013-04-11 10:07:09 -->Template Class Initialized
DEBUG 2013-04-11 10:07:09 -->Parser Class Initialized
DEBUG 2013-04-11 10:07:09 -->Theme Class Initialized
DEBUG 2013-04-11 10:07:09 -->Sqlite Driver initialized
DEBUG 2013-04-11 10:07:09 -->File loaded: /home/bruce/Projects/exspresso/lib/modules/travel/views/main.eco
DEBUG 2013-04-11 10:07:09 -->File loaded: /home/bruce/Projects/exspresso/lib/application/themes/default/layout.eco
DEBUG 2013-04-11 10:07:09 -->Profiler Class Initialized
DEBUG 2013-04-11 10:07:09 -->Language file loaded: i18n/en/profiler.json
DEBUG 2013-04-11 10:07:09 -->Helper loaded: text_helper
DEBUG 2013-04-11 10:07:09 -->Final output sent to browser
DEBUG 2013-04-11 10:07:09 -->Total execution time: 81
[90mGET /travel [32m200 [90m257ms[0m
[90mGET /js/jquery-1.8.1.min.js [36m304 [90m2ms[0m
[90mGET /css/bootstrap.min.css [36m304 [90m6ms[0m
[90mGET /css/site.css [36m304 [90m5ms[0m
[90mGET /css/bootstrap-responsive.min.css [36m304 [90m5ms[0m
[90mGET /css/jquery-ui-1.8.24.custom.css [36m304 [90m2ms[0m
[90mGET /google-code-prettify/prettify.css [36m304 [90m2ms[0m
[90mGET /js/jquery-ui-1.8.24.custom.min.js [36m304 [90m1ms[0m
[90mGET /js/bootstrap.min.js [36m304 [90m2ms[0m
[90mGET /google-code-prettify/prettify.js [36m304 [90m2ms[0m
[90mGET /images/logo.png [36m304 [90m1ms[0m
[90mGET /img/glyphicons-halflings.png [36m304 [90m1ms[0m
DEBUG 2013-04-11 10:07:12 -->Hooks Class Initialized
DEBUG 2013-04-11 10:07:12 -->URI Class Initialized
DEBUG 2013-04-11 10:07:12 -->Output Class Initialized
DEBUG 2013-04-11 10:07:12 -->I18n Class Initialized
DEBUG 2013-04-11 10:07:12 -->Security Class Initialized
DEBUG 2013-04-11 10:07:12 -->Utf8 Class Initialized
DEBUG 2013-04-11 10:07:12 -->UTF-8 Support Enabled
DEBUG 2013-04-11 10:07:12 -->Input Class Initialized
DEBUG 2013-04-11 10:07:12 -->Global POST and COOKIE data sanitized
DEBUG 2013-04-11 10:07:12 -->Loader Class Initialized
DEBUG 2013-04-11 10:07:12 -->Controller Class Initialized
DEBUG 2013-04-11 10:07:12 -->Helper loaded: form_helper
DEBUG 2013-04-11 10:07:12 -->Helper loaded: url_helper
DEBUG 2013-04-11 10:07:12 -->Helper loaded: ckeditor_helper
DEBUG 2013-04-11 10:07:12 -->Helper loaded: date_helper
DEBUG 2013-04-11 10:07:12 -->Sqlite Driver Initialized
DEBUG 2013-04-11 10:07:12 -->Sqlite Driver initialized
DEBUG 2013-04-11 10:07:12 -->Session Class Initialized
DEBUG 2013-04-11 10:07:12 -->Session routines successfully run
DEBUG 2013-04-11 10:07:12 -->Template Class Initialized
DEBUG 2013-04-11 10:07:12 -->Parser Class Initialized
DEBUG 2013-04-11 10:07:12 -->Theme Class Initialized
DEBUG 2013-04-11 10:07:12 -->Sqlite Driver initialized
DEBUG 2013-04-11 10:07:12 -->Pagination Class Initialized
DEBUG 2013-04-11 10:07:12 -->cur_page = 1
DEBUG 2013-04-11 10:07:12 -->File loaded: /home/bruce/Projects/exspresso/lib/modules/travel/views/hotels.eco
DEBUG 2013-04-11 10:07:12 -->File loaded: /home/bruce/Projects/exspresso/lib/application/themes/default/layout.eco
DEBUG 2013-04-11 10:07:12 -->Profiler Class Initialized
DEBUG 2013-04-11 10:07:12 -->Language file loaded: i18n/en/profiler.json
DEBUG 2013-04-11 10:07:12 -->Helper loaded: text_helper
DEBUG 2013-04-11 10:07:12 -->Final output sent to browser
DEBUG 2013-04-11 10:07:12 -->Total execution time: 199
[90mPOST /travel/hotels [32m200 [90m382ms[0m
[90mGET /js/jquery-1.8.1.min.js [36m304 [90m2ms[0m
[90mGET /css/bootstrap.min.css [36m304 [90m4ms[0m
[90mGET /css/site.css [36m304 [90m3ms[0m
[90mGET /css/bootstrap-responsive.min.css [36m304 [90m3ms[0m
[90mGET /css/jquery-ui-1.8.24.custom.css [36m304 [90m2ms[0m
[90mGET /google-code-prettify/prettify.css [36m304 [90m3ms[0m
[90mGET /js/jquery-ui-1.8.24.custom.min.js [36m304 [90m1ms[0m
[90mGET /js/bootstrap.min.js [36m304 [90m1ms[0m
[90mGET /google-code-prettify/prettify.js [36m304 [90m0ms[0m
[90mGET /images/logo.png [36m304 [90m0ms[0m
[90mGET /img/glyphicons-halflings.png [36m304 [90m0ms[0m
DEBUG 2013-04-11 10:07:14 -->Hooks Class Initialized
DEBUG 2013-04-11 10:07:14 -->URI Class Initialized
DEBUG 2013-04-11 10:07:14 -->Output Class Initialized
DEBUG 2013-04-11 10:07:14 -->I18n Class Initialized
DEBUG 2013-04-11 10:07:14 -->Security Class Initialized
DEBUG 2013-04-11 10:07:14 -->Utf8 Class Initialized
DEBUG 2013-04-11 10:07:14 -->UTF-8 Support Enabled
DEBUG 2013-04-11 10:07:14 -->Input Class Initialized
DEBUG 2013-04-11 10:07:14 -->Global POST and COOKIE data sanitized
DEBUG 2013-04-11 10:07:14 -->Loader Class Initialized
DEBUG 2013-04-11 10:07:14 -->Controller Class Initialized
DEBUG 2013-04-11 10:07:14 -->Helper loaded: form_helper
DEBUG 2013-04-11 10:07:14 -->Helper loaded: url_helper
DEBUG 2013-04-11 10:07:14 -->Helper loaded: ckeditor_helper
DEBUG 2013-04-11 10:07:14 -->Helper loaded: date_helper
DEBUG 2013-04-11 10:07:14 -->Sqlite Driver Initialized
DEBUG 2013-04-11 10:07:14 -->Sqlite Driver initialized
DEBUG 2013-04-11 10:07:14 -->Session Class Initialized
DEBUG 2013-04-11 10:07:14 -->Session routines successfully run
DEBUG 2013-04-11 10:07:14 -->Template Class Initialized
DEBUG 2013-04-11 10:07:14 -->Parser Class Initialized
DEBUG 2013-04-11 10:07:14 -->Theme Class Initialized
DEBUG 2013-04-11 10:07:14 -->Sqlite Driver initialized
DEBUG 2013-04-11 10:07:14 -->File loaded: /home/bruce/Projects/exspresso/lib/modules/travel/views/detail.eco
DEBUG 2013-04-11 10:07:14 -->File loaded: /home/bruce/Projects/exspresso/lib/application/themes/default/layout.eco
DEBUG 2013-04-11 10:07:14 -->Profiler Class Initialized
DEBUG 2013-04-11 10:07:14 -->Language file loaded: i18n/en/profiler.json
DEBUG 2013-04-11 10:07:14 -->Helper loaded: text_helper
DEBUG 2013-04-11 10:07:14 -->Final output sent to browser
DEBUG 2013-04-11 10:07:14 -->Total execution time: 26
[90mGET /travel/hotel/3 [32m200 [90m201ms[0m
[90mGET /js/jquery-1.8.1.min.js [36m304 [90m1ms[0m
[90mGET /css/bootstrap.min.css [36m304 [90m1ms[0m
[90mGET /css/site.css [36m304 [90m1ms[0m
[90mGET /css/bootstrap-responsive.min.css [36m304 [90m1ms[0m
[90mGET /css/jquery-ui-1.8.24.custom.css [36m304 [90m1ms[0m
[90mGET /google-code-prettify/prettify.css [36m304 [90m1ms[0m
[90mGET /js/jquery-ui-1.8.24.custom.min.js [36m304 [90m1ms[0m
[90mGET /js/bootstrap.min.js [36m304 [90m0ms[0m
[90mGET /google-code-prettify/prettify.js [36m304 [90m1ms[0m
[90mGET /images/logo.png [36m304 [90m1ms[0m
[90mGET /img/glyphicons-halflings.png [36m304 [90m1ms[0m


