0 info it worked if it ends with ok
1 verbose cli [ '/usr/bin/node', '/usr/bin/npm', 'start' ]
2 info using npm@1.2.15
3 info using node@v0.10.2
4 verbose node symlink /usr/bin/node
5 verbose read json /home/bruce/Projects/exspresso/package.json
6 verbose run-script [ 'prestart', 'start', 'poststart' ]
7 info prestart exspresso@0.9.5
8 info start exspresso@0.9.5
9 verbose unsafe-perm in lifecycle true
10 silly exec sh "-c" "node exspresso.js --profile --install"
11 silly sh,-c,node exspresso.js --profile --install,/home/bruce/Projects/exspresso spawning
12 info exspresso@0.9.5 Failed to exec start script
13 error exspresso@0.9.5 start: `node exspresso.js --profile --install`
13 error `sh "-c" "node exspresso.js --profile --install"` failed with 8
14 error Failed at the exspresso@0.9.5 start script.
14 error This is most likely a problem with the exspresso package,
14 error not with npm itself.
14 error Tell the author that this fails on your system:
14 error     node exspresso.js --profile --install
14 error You can get their info via:
14 error     npm owner ls exspresso
14 error There is likely additional logging output above.
15 error System Linux 3.2.0-39-generic
16 error command "/usr/bin/node" "/usr/bin/npm" "start"
17 error cwd /home/bruce/Projects/exspresso
18 error node -v v0.10.2
19 error npm -v 1.2.15
20 error code ELIFECYCLE
21 verbose exit [ 1, true ]
