DEBUG 17:00:42 GMT-0700 (PDT) -->Exspresso copyright 2012 Dark Overlord of Data
DEBUG 17:00:42 GMT-0700 (PDT) -->Config Class Initialized
DEBUG 17:00:42 GMT-0700 (PDT) -->Lang Class Initialized
DEBUG 17:00:42 GMT-0700 (PDT) -->Output Class Initialized
DEBUG 17:00:42 GMT-0700 (PDT) -->Loader Class Initialized
DEBUG 17:00:42 GMT-0700 (PDT) -->Middleware profiler initialized
DEBUG 17:00:42 GMT-0700 (PDT) -->Router Class Initialized
DEBUG 17:00:42 GMT-0700 (PDT) -->listening on port 5000
DEBUG 17:01:16 GMT-0700 (PDT) -->Exspresso copyright 2012 Dark Overlord of Data
DEBUG 17:01:16 GMT-0700 (PDT) -->Config Class Initialized
DEBUG 17:01:17 GMT-0700 (PDT) -->Lang Class Initialized
DEBUG 17:01:17 GMT-0700 (PDT) -->Output Class Initialized
DEBUG 17:01:17 GMT-0700 (PDT) -->Loader Class Initialized
DEBUG 17:01:17 GMT-0700 (PDT) -->Middleware profiler initialized
DEBUG 17:01:17 GMT-0700 (PDT) -->Router Class Initialized
DEBUG 17:01:17 GMT-0700 (PDT) -->listening on port 5000
DEBUG 17:12:40 GMT-0700 (PDT) -->Exspresso copyright 2012 Dark Overlord of Data
DEBUG 17:12:40 GMT-0700 (PDT) -->Config Class Initialized
DEBUG 17:12:40 GMT-0700 (PDT) -->Lang Class Initialized
DEBUG 17:12:40 GMT-0700 (PDT) -->Output Class Initialized
DEBUG 17:12:40 GMT-0700 (PDT) -->Loader Class Initialized
DEBUG 17:12:40 GMT-0700 (PDT) -->Middleware profiler initialized
DEBUG 17:12:40 GMT-0700 (PDT) -->Router Class Initialized
DEBUG 17:12:40 GMT-0700 (PDT) -->listening on port 5000
DEBUG 17:12:45 GMT-0700 (PDT) -->Controller Class Initialized
DEBUG 18:59:37 GMT-0700 (PDT) -->Exspresso copyright 2012 Dark Overlord of Data
DEBUG 18:59:37 GMT-0700 (PDT) -->Config Class Initialized
DEBUG 18:59:37 GMT-0700 (PDT) -->Lang Class Initialized
DEBUG 18:59:38 GMT-0700 (PDT) -->Output Class Initialized
DEBUG 18:59:38 GMT-0700 (PDT) -->Loader Class Initialized
DEBUG 18:59:38 GMT-0700 (PDT) -->Middleware profiler initialized
DEBUG 18:59:38 GMT-0700 (PDT) -->Router Class Initialized
DEBUG 18:59:38 GMT-0700 (PDT) -->listening on port 5000
DEBUG 18:59:45 GMT-0700 (PDT) -->Controller Class Initialized
DEBUG 18:59:49 GMT-0700 (PDT) -->Controller Class Initialized
DEBUG 18:59:51 GMT-0700 (PDT) -->Controller Class Initialized
DEBUG 19:00:55 GMT-0700 (PDT) -->Exspresso copyright 2012 Dark Overlord of Data
DEBUG 19:00:55 GMT-0700 (PDT) -->Config Class Initialized
DEBUG 19:00:55 GMT-0700 (PDT) -->Lang Class Initialized
DEBUG 19:00:55 GMT-0700 (PDT) -->Output Class Initialized
DEBUG 19:00:55 GMT-0700 (PDT) -->Loader Class Initialized
DEBUG 19:00:55 GMT-0700 (PDT) -->Middleware profiler initialized
DEBUG 19:00:55 GMT-0700 (PDT) -->Router Class Initialized
DEBUG 19:00:55 GMT-0700 (PDT) -->listening on port 5000
DEBUG 19:01:01 GMT-0700 (PDT) -->Controller Class Initialized
DEBUG 19:01:04 GMT-0700 (PDT) -->Controller Class Initialized
DEBUG 19:01:06 GMT-0700 (PDT) -->Controller Class Initialized
DEBUG 19:01:08 GMT-0700 (PDT) -->Controller Class Initialized
DEBUG 20:25:39 GMT-0700 (PDT) -->Exspresso copyright 2012 Dark Overlord of Data
DEBUG 20:25:39 GMT-0700 (PDT) -->Config Class Initialized
DEBUG 20:25:39 GMT-0700 (PDT) -->Lang Class Initialized
DEBUG 20:25:39 GMT-0700 (PDT) -->Output Class Initialized
DEBUG 20:25:39 GMT-0700 (PDT) -->Loader Class Initialized
DEBUG 20:25:39 GMT-0700 (PDT) -->Middleware profiler initialized
DEBUG 20:25:39 GMT-0700 (PDT) -->Router Class Initialized
DEBUG 20:25:39 GMT-0700 (PDT) -->listening on port 5000
DEBUG 20:25:46 GMT-0700 (PDT) -->Controller Class Initialized
DEBUG 20:25:50 GMT-0700 (PDT) -->Controller Class Initialized
DEBUG 20:25:54 GMT-0700 (PDT) -->Controller Class Initialized
DEBUG 20:29:42 GMT-0700 (PDT) -->Exspresso copyright 2012 Dark Overlord of Data
DEBUG 20:29:42 GMT-0700 (PDT) -->Config Class Initialized
DEBUG 20:29:42 GMT-0700 (PDT) -->Lang Class Initialized
DEBUG 20:29:42 GMT-0700 (PDT) -->Output Class Initialized
DEBUG 20:29:42 GMT-0700 (PDT) -->Loader Class Initialized
DEBUG 20:29:42 GMT-0700 (PDT) -->Middleware profiler initialized
DEBUG 20:29:42 GMT-0700 (PDT) -->Router Class Initialized
DEBUG 20:29:42 GMT-0700 (PDT) -->listening on port 5000
DEBUG 20:36:24 GMT-0700 (PDT) -->Exspresso copyright 2012 Dark Overlord of Data
DEBUG 20:36:24 GMT-0700 (PDT) -->Config Class Initialized
DEBUG 20:36:24 GMT-0700 (PDT) -->Lang Class Initialized
DEBUG 20:36:24 GMT-0700 (PDT) -->Output Class Initialized
DEBUG 20:36:24 GMT-0700 (PDT) -->Loader Class Initialized
DEBUG 20:36:24 GMT-0700 (PDT) -->Middleware profiler initialized
DEBUG 20:36:24 GMT-0700 (PDT) -->Router Class Initialized
DEBUG 20:36:25 GMT-0700 (PDT) -->listening on port 5000
DEBUG 20:36:30 GMT-0700 (PDT) -->Controller Class Initialized
DEBUG 20:37:26 GMT-0700 (PDT) -->Exspresso copyright 2012 Dark Overlord of Data
DEBUG 20:37:26 GMT-0700 (PDT) -->Config Class Initialized
DEBUG 20:37:26 GMT-0700 (PDT) -->Lang Class Initialized
DEBUG 20:37:26 GMT-0700 (PDT) -->Output Class Initialized
DEBUG 20:37:26 GMT-0700 (PDT) -->Loader Class Initialized
DEBUG 20:37:26 GMT-0700 (PDT) -->Middleware profiler initialized
DEBUG 20:37:26 GMT-0700 (PDT) -->Router Class Initialized
DEBUG 20:37:26 GMT-0700 (PDT) -->listening on port 5000
DEBUG 20:37:30 GMT-0700 (PDT) -->Controller Class Initialized
DEBUG 20:40:35 GMT-0700 (PDT) -->Exspresso copyright 2012 Dark Overlord of Data
DEBUG 20:40:36 GMT-0700 (PDT) -->Config Class Initialized
DEBUG 20:40:36 GMT-0700 (PDT) -->Lang Class Initialized
DEBUG 20:40:36 GMT-0700 (PDT) -->Output Class Initialized
DEBUG 20:40:36 GMT-0700 (PDT) -->Loader Class Initialized
DEBUG 20:40:36 GMT-0700 (PDT) -->Middleware profiler initialized
DEBUG 20:40:36 GMT-0700 (PDT) -->Router Class Initialized
DEBUG 20:40:36 GMT-0700 (PDT) -->listening on port 5000
DEBUG 20:40:40 GMT-0700 (PDT) -->Controller Class Initialized
DEBUG 20:41:04 GMT-0700 (PDT) -->Exspresso copyright 2012 Dark Overlord of Data
DEBUG 20:41:04 GMT-0700 (PDT) -->Config Class Initialized
DEBUG 20:41:04 GMT-0700 (PDT) -->Lang Class Initialized
DEBUG 20:41:04 GMT-0700 (PDT) -->Output Class Initialized
DEBUG 20:41:04 GMT-0700 (PDT) -->Router Class Initialized
DEBUG 20:41:04 GMT-0700 (PDT) -->listening on port 5000
DEBUG 20:41:06 GMT-0700 (PDT) -->Loader Class Initialized
DEBUG 20:41:06 GMT-0700 (PDT) -->Middleware profiler initialized
DEBUG 20:41:06 GMT-0700 (PDT) -->Controller Class Initialized
DEBUG 20:41:36 GMT-0700 (PDT) -->Exspresso copyright 2012 Dark Overlord of Data
DEBUG 20:41:37 GMT-0700 (PDT) -->Config Class Initialized
DEBUG 20:41:37 GMT-0700 (PDT) -->Lang Class Initialized
DEBUG 20:41:37 GMT-0700 (PDT) -->Output Class Initialized
DEBUG 20:41:37 GMT-0700 (PDT) -->Loader Class Initialized
DEBUG 20:41:37 GMT-0700 (PDT) -->Router Class Initialized
DEBUG 20:41:37 GMT-0700 (PDT) -->listening on port 5000
DEBUG 20:41:40 GMT-0700 (PDT) -->Middleware profiler initialized
DEBUG 20:41:40 GMT-0700 (PDT) -->Controller Class Initialized
DEBUG 20:42:16 GMT-0700 (PDT) -->Exspresso copyright 2012 Dark Overlord of Data
DEBUG 20:42:16 GMT-0700 (PDT) -->Config Class Initialized
DEBUG 20:42:16 GMT-0700 (PDT) -->Lang Class Initialized
DEBUG 20:42:16 GMT-0700 (PDT) -->Output Class Initialized
DEBUG 20:42:16 GMT-0700 (PDT) -->Loader Class Initialized
DEBUG 20:42:17 GMT-0700 (PDT) -->Middleware profiler initialized
DEBUG 20:42:17 GMT-0700 (PDT) -->Router Class Initialized
DEBUG 20:42:17 GMT-0700 (PDT) -->listening on port 5000
DEBUG 20:42:20 GMT-0700 (PDT) -->Controller Class Initialized
DEBUG 20:44:55 GMT-0700 (PDT) -->Exspresso copyright 2012 Dark Overlord of Data
DEBUG 20:44:56 GMT-0700 (PDT) -->Config Class Initialized
DEBUG 20:44:56 GMT-0700 (PDT) -->Lang Class Initialized
DEBUG 20:44:56 GMT-0700 (PDT) -->Output Class Initialized
DEBUG 20:44:56 GMT-0700 (PDT) -->Loader Class Initialized
DEBUG 20:44:56 GMT-0700 (PDT) -->Middleware profiler initialized
DEBUG 20:44:56 GMT-0700 (PDT) -->Router Class Initialized
DEBUG 20:44:56 GMT-0700 (PDT) -->listening on port 5000
DEBUG 20:44:58 GMT-0700 (PDT) -->Controller Class Initialized
DEBUG 20:45:00 GMT-0700 (PDT) -->Controller Class Initialized
DEBUG 20:45:04 GMT-0700 (PDT) -->Controller Class Initialized
DEBUG 20:49:48 GMT-0700 (PDT) -->Exspresso copyright 2012 Dark Overlord of Data
DEBUG 20:49:48 GMT-0700 (PDT) -->Config Class Initialized
DEBUG 20:49:48 GMT-0700 (PDT) -->Lang Class Initialized
DEBUG 20:49:48 GMT-0700 (PDT) -->Output Class Initialized
DEBUG 20:49:48 GMT-0700 (PDT) -->Loader Class Initialized
DEBUG 20:49:48 GMT-0700 (PDT) -->Middleware profiler initialized
DEBUG 20:49:48 GMT-0700 (PDT) -->Router Class Initialized
DEBUG 20:49:48 GMT-0700 (PDT) -->listening on port 5000
DEBUG 20:49:50 GMT-0700 (PDT) -->Controller Class Initialized
DEBUG 20:49:53 GMT-0700 (PDT) -->Controller Class Initialized
DEBUG 20:49:56 GMT-0700 (PDT) -->Controller Class Initialized
DEBUG 20:49:59 GMT-0700 (PDT) -->Controller Class Initialized
DEBUG 20:50:01 GMT-0700 (PDT) -->Controller Class Initialized
DEBUG 20:51:43 GMT-0700 (PDT) -->Exspresso copyright 2012 Dark Overlord of Data
DEBUG 20:51:44 GMT-0700 (PDT) -->Config Class Initialized
DEBUG 20:51:44 GMT-0700 (PDT) -->Lang Class Initialized
DEBUG 20:51:44 GMT-0700 (PDT) -->Output Class Initialized
DEBUG 20:51:44 GMT-0700 (PDT) -->Loader Class Initialized
DEBUG 20:51:44 GMT-0700 (PDT) -->Middleware profiler initialized
DEBUG 20:51:44 GMT-0700 (PDT) -->Router Class Initialized
DEBUG 20:51:44 GMT-0700 (PDT) -->listening on port 5000
DEBUG 20:51:51 GMT-0700 (PDT) -->Controller Class Initialized
DEBUG 20:51:54 GMT-0700 (PDT) -->Controller Class Initialized
DEBUG 20:55:49 GMT-0700 (PDT) -->Exspresso copyright 2012 Dark Overlord of Data
DEBUG 20:55:49 GMT-0700 (PDT) -->Config Class Initialized
DEBUG 20:55:49 GMT-0700 (PDT) -->Lang Class Initialized
DEBUG 20:55:49 GMT-0700 (PDT) -->Output Class Initialized
DEBUG 20:55:49 GMT-0700 (PDT) -->Loader Class Initialized
DEBUG 20:55:49 GMT-0700 (PDT) -->Middleware profiler initialized
DEBUG 20:55:49 GMT-0700 (PDT) -->Router Class Initialized
DEBUG 20:55:49 GMT-0700 (PDT) -->listening on port 5000
DEBUG 20:55:53 GMT-0700 (PDT) -->Controller Class Initialized
DEBUG 20:58:37 GMT-0700 (PDT) -->Exspresso copyright 2012 Dark Overlord of Data
DEBUG 20:58:37 GMT-0700 (PDT) -->Config Class Initialized
DEBUG 20:58:38 GMT-0700 (PDT) -->Lang Class Initialized
DEBUG 20:58:38 GMT-0700 (PDT) -->Output Class Initialized
DEBUG 20:58:38 GMT-0700 (PDT) -->Loader Class Initialized
DEBUG 20:58:38 GMT-0700 (PDT) -->Middleware profiler initialized
DEBUG 20:58:38 GMT-0700 (PDT) -->Router Class Initialized
DEBUG 20:58:38 GMT-0700 (PDT) -->listening on port 5000
DEBUG 20:58:42 GMT-0700 (PDT) -->Controller Class Initialized
DEBUG 20:58:42 GMT-0700 (PDT) -->Controller Class Initialized
DEBUG 20:58:45 GMT-0700 (PDT) -->Controller Class Initialized
DEBUG 21:04:16 GMT-0700 (PDT) -->Exspresso copyright 2012 Dark Overlord of Data
DEBUG 21:04:16 GMT-0700 (PDT) -->Config Class Initialized
DEBUG 21:04:16 GMT-0700 (PDT) -->Lang Class Initialized
DEBUG 21:04:16 GMT-0700 (PDT) -->Output Class Initialized
DEBUG 21:04:16 GMT-0700 (PDT) -->Loader Class Initialized
DEBUG 21:04:16 GMT-0700 (PDT) -->Middleware profiler initialized
DEBUG 21:04:16 GMT-0700 (PDT) -->Router Class Initialized
DEBUG 21:04:16 GMT-0700 (PDT) -->listening on port 5000
DEBUG 21:04:20 GMT-0700 (PDT) -->Controller Class Initialized
DEBUG 21:04:23 GMT-0700 (PDT) -->Controller Class Initialized
DEBUG 21:04:23 GMT-0700 (PDT) -->Model Class Initialized
DEBUG 21:04:26 GMT-0700 (PDT) -->Controller Class Initialized
DEBUG 21:12:15 GMT-0700 (PDT) -->Exspresso copyright 2012 Dark Overlord of Data
DEBUG 21:12:15 GMT-0700 (PDT) -->Config Class Initialized
DEBUG 21:12:15 GMT-0700 (PDT) -->Lang Class Initialized
DEBUG 21:12:15 GMT-0700 (PDT) -->Output Class Initialized
DEBUG 21:12:15 GMT-0700 (PDT) -->Loader Class Initialized
DEBUG 21:12:15 GMT-0700 (PDT) -->Middleware profiler initialized
DEBUG 21:12:15 GMT-0700 (PDT) -->Router Class Initialized
DEBUG 21:12:15 GMT-0700 (PDT) -->listening on port 5000
DEBUG 21:12:20 GMT-0700 (PDT) -->Controller Class Initialized
DEBUG 21:12:30 GMT-0700 (PDT) -->Controller Class Initialized
DEBUG 21:12:30 GMT-0700 (PDT) -->Model Class Initialized
DEBUG 21:14:21 GMT-0700 (PDT) -->Exspresso copyright 2012 Dark Overlord of Data
DEBUG 21:14:21 GMT-0700 (PDT) -->Config Class Initialized
DEBUG 21:14:21 GMT-0700 (PDT) -->Lang Class Initialized
DEBUG 21:14:21 GMT-0700 (PDT) -->Output Class Initialized
DEBUG 21:14:22 GMT-0700 (PDT) -->Loader Class Initialized
DEBUG 21:14:22 GMT-0700 (PDT) -->Middleware profiler initialized
DEBUG 21:14:22 GMT-0700 (PDT) -->Router Class Initialized
DEBUG 21:14:22 GMT-0700 (PDT) -->listening on port 5000
DEBUG 21:14:25 GMT-0700 (PDT) -->Controller Class Initialized
DEBUG 21:14:51 GMT-0700 (PDT) -->Controller Class Initialized
DEBUG 21:15:30 GMT-0700 (PDT) -->Exspresso copyright 2012 Dark Overlord of Data
DEBUG 21:15:30 GMT-0700 (PDT) -->Config Class Initialized
DEBUG 21:15:31 GMT-0700 (PDT) -->Lang Class Initialized
DEBUG 21:15:31 GMT-0700 (PDT) -->Output Class Initialized
DEBUG 21:15:31 GMT-0700 (PDT) -->Loader Class Initialized
DEBUG 21:15:31 GMT-0700 (PDT) -->Middleware profiler initialized
DEBUG 21:15:31 GMT-0700 (PDT) -->Router Class Initialized
DEBUG 21:15:31 GMT-0700 (PDT) -->listening on port 5000
DEBUG 21:15:35 GMT-0700 (PDT) -->Controller Class Initialized
DEBUG 21:16:57 GMT-0700 (PDT) -->Exspresso copyright 2012 Dark Overlord of Data
DEBUG 21:16:57 GMT-0700 (PDT) -->Config Class Initialized
DEBUG 21:16:58 GMT-0700 (PDT) -->Lang Class Initialized
DEBUG 21:16:58 GMT-0700 (PDT) -->Output Class Initialized
DEBUG 21:16:58 GMT-0700 (PDT) -->Loader Class Initialized
DEBUG 21:16:58 GMT-0700 (PDT) -->Middleware profiler initialized
DEBUG 21:16:58 GMT-0700 (PDT) -->Router Class Initialized
DEBUG 21:16:58 GMT-0700 (PDT) -->listening on port 5000
DEBUG 21:17:01 GMT-0700 (PDT) -->Controller Class Initialized
DEBUG 21:17:57 GMT-0700 (PDT) -->Exspresso copyright 2012 Dark Overlord of Data
DEBUG 21:17:57 GMT-0700 (PDT) -->Config Class Initialized
DEBUG 21:17:58 GMT-0700 (PDT) -->Lang Class Initialized
DEBUG 21:17:58 GMT-0700 (PDT) -->Output Class Initialized
DEBUG 21:17:58 GMT-0700 (PDT) -->Loader Class Initialized
DEBUG 21:17:58 GMT-0700 (PDT) -->Middleware profiler initialized
DEBUG 21:17:58 GMT-0700 (PDT) -->Router Class Initialized
DEBUG 21:17:58 GMT-0700 (PDT) -->listening on port 5000
DEBUG 21:18:00 GMT-0700 (PDT) -->Controller Class Initialized
DEBUG 21:18:06 GMT-0700 (PDT) -->Controller Class Initialized
DEBUG 21:20:19 GMT-0700 (PDT) -->Exspresso copyright 2012 Dark Overlord of Data
DEBUG 21:20:20 GMT-0700 (PDT) -->Config Class Initialized
DEBUG 21:20:20 GMT-0700 (PDT) -->Lang Class Initialized
DEBUG 21:20:20 GMT-0700 (PDT) -->Output Class Initialized
DEBUG 21:20:20 GMT-0700 (PDT) -->Loader Class Initialized
DEBUG 21:20:20 GMT-0700 (PDT) -->Middleware profiler initialized
DEBUG 21:20:20 GMT-0700 (PDT) -->Router Class Initialized
DEBUG 21:20:20 GMT-0700 (PDT) -->listening on port 5000
DEBUG 21:20:33 GMT-0700 (PDT) -->Controller Class Initialized
DEBUG 21:20:38 GMT-0700 (PDT) -->Controller Class Initialized
DEBUG 21:20:38 GMT-0700 (PDT) -->Model Class Initialized
DEBUG 21:20:41 GMT-0700 (PDT) -->Controller Class Initialized
DEBUG 21:21:23 GMT-0700 (PDT) -->Exspresso copyright 2012 Dark Overlord of Data
DEBUG 21:21:23 GMT-0700 (PDT) -->Config Class Initialized
DEBUG 21:21:23 GMT-0700 (PDT) -->Lang Class Initialized
DEBUG 21:21:23 GMT-0700 (PDT) -->Output Class Initialized
DEBUG 21:21:23 GMT-0700 (PDT) -->Loader Class Initialized
DEBUG 21:21:23 GMT-0700 (PDT) -->Middleware profiler initialized
DEBUG 21:21:23 GMT-0700 (PDT) -->Router Class Initialized
DEBUG 21:21:23 GMT-0700 (PDT) -->listening on port 5000
DEBUG 21:21:27 GMT-0700 (PDT) -->Controller Class Initialized
DEBUG 21:21:30 GMT-0700 (PDT) -->Controller Class Initialized
DEBUG 21:23:59 GMT-0700 (PDT) -->Exspresso copyright 2012 Dark Overlord of Data
DEBUG 21:23:59 GMT-0700 (PDT) -->Config Class Initialized
DEBUG 21:23:59 GMT-0700 (PDT) -->Lang Class Initialized
DEBUG 21:23:59 GMT-0700 (PDT) -->Output Class Initialized
DEBUG 21:23:59 GMT-0700 (PDT) -->Loader Class Initialized
DEBUG 21:23:59 GMT-0700 (PDT) -->Middleware profiler initialized
DEBUG 21:23:59 GMT-0700 (PDT) -->Router Class Initialized
DEBUG 21:23:59 GMT-0700 (PDT) -->listening on port 5000
DEBUG 21:24:04 GMT-0700 (PDT) -->Controller Class Initialized
DEBUG 21:24:08 GMT-0700 (PDT) -->Controller Class Initialized
DEBUG 21:24:10 GMT-0700 (PDT) -->Controller Class Initialized
DEBUG 21:24:10 GMT-0700 (PDT) -->Model Class Initialized
DEBUG 21:24:15 GMT-0700 (PDT) -->Controller Class Initialized
DEBUG 21:29:10 GMT-0700 (PDT) -->Exspresso copyright 2012 Dark Overlord of Data
DEBUG 21:29:10 GMT-0700 (PDT) -->Config Class Initialized
DEBUG 21:29:10 GMT-0700 (PDT) -->Lang Class Initialized
DEBUG 21:29:10 GMT-0700 (PDT) -->Output Class Initialized
DEBUG 21:29:10 GMT-0700 (PDT) -->Loader Class Initialized
DEBUG 21:29:10 GMT-0700 (PDT) -->Middleware profiler initialized
DEBUG 21:29:10 GMT-0700 (PDT) -->Router Class Initialized
DEBUG 21:29:10 GMT-0700 (PDT) -->listening on port 5000
DEBUG 21:29:15 GMT-0700 (PDT) -->Controller Class Initialized
DEBUG 21:29:18 GMT-0700 (PDT) -->Controller Class Initialized
DEBUG 21:29:18 GMT-0700 (PDT) -->Model Class Initialized
DEBUG 21:29:22 GMT-0700 (PDT) -->Controller Class Initialized
DEBUG 21:30:20 GMT-0700 (PDT) -->Exspresso copyright 2012 Dark Overlord of Data
DEBUG 21:30:20 GMT-0700 (PDT) -->Config Class Initialized
DEBUG 21:30:20 GMT-0700 (PDT) -->Lang Class Initialized
DEBUG 21:30:20 GMT-0700 (PDT) -->Output Class Initialized
DEBUG 21:30:20 GMT-0700 (PDT) -->Loader Class Initialized
DEBUG 21:30:20 GMT-0700 (PDT) -->Middleware profiler initialized
DEBUG 21:30:20 GMT-0700 (PDT) -->Router Class Initialized
DEBUG 21:30:20 GMT-0700 (PDT) -->listening on port 5000
DEBUG 21:30:24 GMT-0700 (PDT) -->Controller Class Initialized
DEBUG 21:30:27 GMT-0700 (PDT) -->Controller Class Initialized
DEBUG 21:30:27 GMT-0700 (PDT) -->Model Class Initialized
DEBUG 21:30:30 GMT-0700 (PDT) -->Controller Class Initialized
DEBUG 21:31:39 GMT-0700 (PDT) -->Exspresso copyright 2012 Dark Overlord of Data
DEBUG 21:31:39 GMT-0700 (PDT) -->Config Class Initialized
DEBUG 21:31:39 GMT-0700 (PDT) -->Lang Class Initialized
DEBUG 21:31:39 GMT-0700 (PDT) -->Output Class Initialized
DEBUG 21:31:39 GMT-0700 (PDT) -->Loader Class Initialized
DEBUG 21:31:39 GMT-0700 (PDT) -->Middleware profiler initialized
DEBUG 21:31:39 GMT-0700 (PDT) -->Router Class Initialized
DEBUG 21:31:39 GMT-0700 (PDT) -->listening on port 5000
DEBUG 21:31:44 GMT-0700 (PDT) -->Controller Class Initialized
DEBUG 21:31:48 GMT-0700 (PDT) -->Controller Class Initialized
DEBUG 21:31:48 GMT-0700 (PDT) -->Model Class Initialized
DEBUG 21:32:38 GMT-0700 (PDT) -->Exspresso copyright 2012 Dark Overlord of Data
DEBUG 21:32:38 GMT-0700 (PDT) -->Config Class Initialized
DEBUG 21:32:39 GMT-0700 (PDT) -->Lang Class Initialized
DEBUG 21:32:39 GMT-0700 (PDT) -->Output Class Initialized
DEBUG 21:32:39 GMT-0700 (PDT) -->Loader Class Initialized
DEBUG 21:32:39 GMT-0700 (PDT) -->Middleware profiler initialized
DEBUG 21:32:39 GMT-0700 (PDT) -->Router Class Initialized
DEBUG 21:32:39 GMT-0700 (PDT) -->listening on port 5000
DEBUG 21:32:46 GMT-0700 (PDT) -->Controller Class Initialized
DEBUG 21:32:49 GMT-0700 (PDT) -->Controller Class Initialized
DEBUG 21:32:49 GMT-0700 (PDT) -->Model Class Initialized
DEBUG 21:33:50 GMT-0700 (PDT) -->Exspresso copyright 2012 Dark Overlord of Data
DEBUG 21:33:50 GMT-0700 (PDT) -->Config Class Initialized
DEBUG 21:33:50 GMT-0700 (PDT) -->Lang Class Initialized
DEBUG 21:33:50 GMT-0700 (PDT) -->Output Class Initialized
DEBUG 21:33:50 GMT-0700 (PDT) -->Loader Class Initialized
DEBUG 21:33:50 GMT-0700 (PDT) -->Middleware profiler initialized
DEBUG 21:33:50 GMT-0700 (PDT) -->Router Class Initialized
DEBUG 21:33:50 GMT-0700 (PDT) -->listening on port 5000
DEBUG 21:33:57 GMT-0700 (PDT) -->Controller Class Initialized
DEBUG 21:33:59 GMT-0700 (PDT) -->Controller Class Initialized
DEBUG 21:33:59 GMT-0700 (PDT) -->Model Class Initialized
DEBUG 21:34:08 GMT-0700 (PDT) -->Controller Class Initialized
DEBUG 21:34:54 GMT-0700 (PDT) -->Exspresso copyright 2012 Dark Overlord of Data
DEBUG 21:34:54 GMT-0700 (PDT) -->Config Class Initialized
DEBUG 21:34:54 GMT-0700 (PDT) -->Lang Class Initialized
DEBUG 21:34:54 GMT-0700 (PDT) -->Output Class Initialized
DEBUG 21:34:54 GMT-0700 (PDT) -->Loader Class Initialized
DEBUG 21:34:54 GMT-0700 (PDT) -->Middleware profiler initialized
DEBUG 21:34:54 GMT-0700 (PDT) -->Router Class Initialized
DEBUG 21:34:54 GMT-0700 (PDT) -->listening on port 5000
DEBUG 21:34:58 GMT-0700 (PDT) -->Controller Class Initialized
DEBUG 21:35:06 GMT-0700 (PDT) -->Controller Class Initialized
DEBUG 21:35:06 GMT-0700 (PDT) -->Model Class Initialized
DEBUG 21:35:12 GMT-0700 (PDT) -->Controller Class Initialized
DEBUG 21:35:51 GMT-0700 (PDT) -->Exspresso copyright 2012 Dark Overlord of Data
DEBUG 21:35:51 GMT-0700 (PDT) -->Config Class Initialized
DEBUG 21:35:51 GMT-0700 (PDT) -->Lang Class Initialized
DEBUG 21:35:51 GMT-0700 (PDT) -->Output Class Initialized
DEBUG 21:35:52 GMT-0700 (PDT) -->Loader Class Initialized
DEBUG 21:35:52 GMT-0700 (PDT) -->Middleware profiler initialized
DEBUG 21:35:52 GMT-0700 (PDT) -->Router Class Initialized
DEBUG 21:35:52 GMT-0700 (PDT) -->listening on port 5000
DEBUG 21:35:56 GMT-0700 (PDT) -->Controller Class Initialized
DEBUG 21:35:59 GMT-0700 (PDT) -->Controller Class Initialized
DEBUG 21:35:59 GMT-0700 (PDT) -->Model Class Initialized
DEBUG 21:36:04 GMT-0700 (PDT) -->Controller Class Initialized
DEBUG 21:36:45 GMT-0700 (PDT) -->Exspresso copyright 2012 Dark Overlord of Data
DEBUG 21:36:45 GMT-0700 (PDT) -->Config Class Initialized
DEBUG 21:36:45 GMT-0700 (PDT) -->Lang Class Initialized
DEBUG 21:36:45 GMT-0700 (PDT) -->Output Class Initialized
DEBUG 21:36:45 GMT-0700 (PDT) -->Loader Class Initialized
DEBUG 21:36:45 GMT-0700 (PDT) -->Middleware profiler initialized
DEBUG 21:36:45 GMT-0700 (PDT) -->Router Class Initialized
DEBUG 21:36:45 GMT-0700 (PDT) -->listening on port 5000
DEBUG 21:36:50 GMT-0700 (PDT) -->Controller Class Initialized
DEBUG 21:36:53 GMT-0700 (PDT) -->Controller Class Initialized
DEBUG 21:36:53 GMT-0700 (PDT) -->Model Class Initialized
DEBUG 21:36:58 GMT-0700 (PDT) -->Controller Class Initialized
DEBUG 21:38:36 GMT-0700 (PDT) -->Exspresso copyright 2012 Dark Overlord of Data
DEBUG 21:38:36 GMT-0700 (PDT) -->Config Class Initialized
DEBUG 21:38:36 GMT-0700 (PDT) -->Lang Class Initialized
DEBUG 21:38:36 GMT-0700 (PDT) -->Output Class Initialized
DEBUG 21:38:36 GMT-0700 (PDT) -->Loader Class Initialized
DEBUG 21:38:36 GMT-0700 (PDT) -->Middleware profiler initialized
DEBUG 21:38:36 GMT-0700 (PDT) -->Router Class Initialized
DEBUG 21:38:36 GMT-0700 (PDT) -->listening on port 5000
DEBUG 21:38:41 GMT-0700 (PDT) -->Controller Class Initialized
DEBUG 21:38:43 GMT-0700 (PDT) -->Controller Class Initialized
DEBUG 21:38:43 GMT-0700 (PDT) -->Model Class Initialized
DEBUG 21:38:47 GMT-0700 (PDT) -->Controller Class Initialized
DEBUG 22:01:45 GMT-0700 (PDT) -->Exspresso copyright 2012 Dark Overlord of Data
DEBUG 22:01:45 GMT-0700 (PDT) -->Config Class Initialized
DEBUG 22:01:45 GMT-0700 (PDT) -->Lang Class Initialized
DEBUG 22:01:45 GMT-0700 (PDT) -->Output Class Initialized
DEBUG 22:01:45 GMT-0700 (PDT) -->Loader Class Initialized
DEBUG 22:01:45 GMT-0700 (PDT) -->Middleware profiler initialized
DEBUG 22:01:45 GMT-0700 (PDT) -->Router Class Initialized
DEBUG 22:01:45 GMT-0700 (PDT) -->listening on port 5000
DEBUG 22:01:50 GMT-0700 (PDT) -->Controller Class Initialized
DEBUG 22:01:55 GMT-0700 (PDT) -->Controller Class Initialized
DEBUG 22:01:55 GMT-0700 (PDT) -->Model Class Initialized
DEBUG 22:02:30 GMT-0700 (PDT) -->Controller Class Initialized
DEBUG 22:04:37 GMT-0700 (PDT) -->Exspresso copyright 2012 Dark Overlord of Data
DEBUG 22:04:37 GMT-0700 (PDT) -->Config Class Initialized
DEBUG 22:04:37 GMT-0700 (PDT) -->Lang Class Initialized
DEBUG 22:04:37 GMT-0700 (PDT) -->Output Class Initialized
DEBUG 22:04:37 GMT-0700 (PDT) -->Loader Class Initialized
DEBUG 22:04:37 GMT-0700 (PDT) -->Middleware profiler initialized
DEBUG 22:04:37 GMT-0700 (PDT) -->Router Class Initialized
DEBUG 22:04:37 GMT-0700 (PDT) -->listening on port 5000
DEBUG 22:04:41 GMT-0700 (PDT) -->Controller Class Initialized
DEBUG 22:04:45 GMT-0700 (PDT) -->Controller Class Initialized
DEBUG 22:04:45 GMT-0700 (PDT) -->Model Class Initialized
DEBUG 22:05:01 GMT-0700 (PDT) -->Controller Class Initialized
DEBUG 22:13:50 GMT-0700 (PDT) -->Exspresso copyright 2012 Dark Overlord of Data
DEBUG 22:13:50 GMT-0700 (PDT) -->Config Class Initialized
DEBUG 22:13:50 GMT-0700 (PDT) -->Lang Class Initialized
DEBUG 22:13:50 GMT-0700 (PDT) -->Output Class Initialized
DEBUG 22:13:50 GMT-0700 (PDT) -->Loader Class Initialized
DEBUG 22:13:50 GMT-0700 (PDT) -->Middleware profiler initialized
DEBUG 22:13:50 GMT-0700 (PDT) -->Router Class Initialized
DEBUG 22:13:50 GMT-0700 (PDT) -->listening on port 5000
DEBUG 22:13:55 GMT-0700 (PDT) -->Controller Class Initialized
DEBUG 22:13:58 GMT-0700 (PDT) -->Controller Class Initialized
DEBUG 22:13:58 GMT-0700 (PDT) -->Model Class Initialized
DEBUG 22:14:03 GMT-0700 (PDT) -->Controller Class Initialized
DEBUG 22:14:11 GMT-0700 (PDT) -->Controller Class Initialized
DEBUG 22:16:07 GMT-0700 (PDT) -->Exspresso copyright 2012 Dark Overlord of Data
DEBUG 22:16:07 GMT-0700 (PDT) -->Config Class Initialized
DEBUG 22:16:07 GMT-0700 (PDT) -->Lang Class Initialized
DEBUG 22:16:07 GMT-0700 (PDT) -->Output Class Initialized
DEBUG 22:16:07 GMT-0700 (PDT) -->Loader Class Initialized
DEBUG 22:16:07 GMT-0700 (PDT) -->Middleware profiler initialized
DEBUG 22:16:07 GMT-0700 (PDT) -->Router Class Initialized
DEBUG 22:16:07 GMT-0700 (PDT) -->listening on port 5000
DEBUG 22:16:11 GMT-0700 (PDT) -->Controller Class Initialized
DEBUG 22:16:14 GMT-0700 (PDT) -->Controller Class Initialized
DEBUG 22:16:14 GMT-0700 (PDT) -->Model Class Initialized
DEBUG 22:16:16 GMT-0700 (PDT) -->Controller Class Initialized
DEBUG 22:16:18 GMT-0700 (PDT) -->Controller Class Initialized
DEBUG 22:16:21 GMT-0700 (PDT) -->Controller Class Initialized
DEBUG 22:16:28 GMT-0700 (PDT) -->Controller Class Initialized
DEBUG 22:38:55 GMT-0700 (PDT) -->Exspresso copyright 2012 Dark Overlord of Data
DEBUG 22:38:55 GMT-0700 (PDT) -->Config Class Initialized
DEBUG 22:38:55 GMT-0700 (PDT) -->Lang Class Initialized
DEBUG 22:38:55 GMT-0700 (PDT) -->Output Class Initialized
DEBUG 22:38:55 GMT-0700 (PDT) -->Loader Class Initialized
DEBUG 22:38:55 GMT-0700 (PDT) -->Middleware profiler initialized
DEBUG 22:38:55 GMT-0700 (PDT) -->Router Class Initialized
DEBUG 22:38:55 GMT-0700 (PDT) -->listening on port 5000
DEBUG 22:39:00 GMT-0700 (PDT) -->Controller Class Initialized
DEBUG 22:39:02 GMT-0700 (PDT) -->Controller Class Initialized
DEBUG 22:39:02 GMT-0700 (PDT) -->Model Class Initialized
DEBUG 22:39:04 GMT-0700 (PDT) -->Controller Class Initialized
DEBUG 22:39:06 GMT-0700 (PDT) -->Controller Class Initialized
DEBUG 22:39:08 GMT-0700 (PDT) -->Controller Class Initialized
DEBUG 22:42:21 GMT-0700 (PDT) -->Exspresso copyright 2012 Dark Overlord of Data
DEBUG 22:42:21 GMT-0700 (PDT) -->Config Class Initialized
DEBUG 22:42:21 GMT-0700 (PDT) -->Lang Class Initialized
DEBUG 22:42:22 GMT-0700 (PDT) -->Output Class Initialized
DEBUG 22:42:22 GMT-0700 (PDT) -->Loader Class Initialized
DEBUG 22:42:22 GMT-0700 (PDT) -->Middleware profiler initialized
DEBUG 22:42:22 GMT-0700 (PDT) -->Router Class Initialized
DEBUG 22:42:22 GMT-0700 (PDT) -->listening on port 5000
DEBUG 22:42:26 GMT-0700 (PDT) -->Controller Class Initialized
DEBUG 22:42:31 GMT-0700 (PDT) -->Controller Class Initialized
DEBUG 22:42:32 GMT-0700 (PDT) -->Controller Class Initialized
DEBUG 22:42:33 GMT-0700 (PDT) -->Controller Class Initialized
DEBUG 22:42:35 GMT-0700 (PDT) -->Controller Class Initialized
DEBUG 22:45:33 GMT-0700 (PDT) -->Exspresso copyright 2012 Dark Overlord of Data
DEBUG 22:45:33 GMT-0700 (PDT) -->Config Class Initialized
DEBUG 22:45:33 GMT-0700 (PDT) -->Lang Class Initialized
DEBUG 22:45:33 GMT-0700 (PDT) -->Output Class Initialized
DEBUG 22:45:33 GMT-0700 (PDT) -->Loader Class Initialized
DEBUG 22:45:33 GMT-0700 (PDT) -->Middleware profiler initialized
DEBUG 22:45:33 GMT-0700 (PDT) -->Router Class Initialized
DEBUG 22:45:33 GMT-0700 (PDT) -->listening on port 5000
DEBUG 22:45:36 GMT-0700 (PDT) -->Controller Class Initialized
DEBUG 22:46:27 GMT-0700 (PDT) -->Exspresso copyright 2012 Dark Overlord of Data
DEBUG 22:46:27 GMT-0700 (PDT) -->Config Class Initialized
DEBUG 22:46:27 GMT-0700 (PDT) -->Lang Class Initialized
DEBUG 22:46:27 GMT-0700 (PDT) -->Output Class Initialized
DEBUG 22:46:28 GMT-0700 (PDT) -->Loader Class Initialized
DEBUG 22:46:28 GMT-0700 (PDT) -->Middleware profiler initialized
DEBUG 22:46:28 GMT-0700 (PDT) -->Router Class Initialized
DEBUG 22:46:28 GMT-0700 (PDT) -->listening on port 5000
DEBUG 22:46:32 GMT-0700 (PDT) -->Controller Class Initialized
DEBUG 22:46:35 GMT-0700 (PDT) -->Controller Class Initialized
DEBUG 22:46:35 GMT-0700 (PDT) -->Model Class Initialized
DEBUG 22:46:40 GMT-0700 (PDT) -->Controller Class Initialized
DEBUG 22:46:42 GMT-0700 (PDT) -->Controller Class Initialized
DEBUG 23:47:13 GMT-0700 (PDT) -->Exspresso copyright 2012 Dark Overlord of Data
DEBUG 23:47:13 GMT-0700 (PDT) -->Config Class Initialized
DEBUG 23:47:13 GMT-0700 (PDT) -->Lang Class Initialized
DEBUG 23:47:13 GMT-0700 (PDT) -->Output Class Initialized
DEBUG 23:47:14 GMT-0700 (PDT) -->Loader Class Initialized
DEBUG 23:47:14 GMT-0700 (PDT) -->Middleware profiler initialized
DEBUG 23:47:14 GMT-0700 (PDT) -->Router Class Initialized
DEBUG 23:47:14 GMT-0700 (PDT) -->listening on port 5000
DEBUG 23:47:19 GMT-0700 (PDT) -->Controller Class Initialized
DEBUG 23:58:34 GMT-0700 (PDT) -->Exspresso copyright 2012 Dark Overlord of Data
DEBUG 23:58:34 GMT-0700 (PDT) -->Config Class Initialized
DEBUG 23:58:34 GMT-0700 (PDT) -->Language Class Initialized
DEBUG 23:58:34 GMT-0700 (PDT) -->Output Class Initialized
DEBUG 23:58:34 GMT-0700 (PDT) -->Loader Class Initialized
DEBUG 23:58:34 GMT-0700 (PDT) -->Middleware profiler initialized
DEBUG 23:58:35 GMT-0700 (PDT) -->Router Class Initialized
DEBUG 23:58:35 GMT-0700 (PDT) -->listening on port 5000
DEBUG 23:58:37 GMT-0700 (PDT) -->Controller Class Initialized
DEBUG 23:58:41 GMT-0700 (PDT) -->Controller Class Initialized
DEBUG 23:58:41 GMT-0700 (PDT) -->Model Class Initialized
DEBUG 23:59:31 GMT-0700 (PDT) -->Controller Class Initialized
DEBUG 00:10:08 GMT-0700 (PDT) -->Exspresso copyright 2012 Dark Overlord of Data
DEBUG 00:10:08 GMT-0700 (PDT) -->Config Class Initialized
DEBUG 00:10:08 GMT-0700 (PDT) -->Language Class Initialized
DEBUG 00:10:08 GMT-0700 (PDT) -->Output Class Initialized
DEBUG 00:10:08 GMT-0700 (PDT) -->Loader Class Initialized
DEBUG 00:10:08 GMT-0700 (PDT) -->Middleware profiler initialized
DEBUG 00:10:08 GMT-0700 (PDT) -->Router Class Initialized
DEBUG 00:10:09 GMT-0700 (PDT) -->listening on port 5000
DEBUG 00:10:14 GMT-0700 (PDT) -->Controller Class Initialized
DEBUG 00:10:16 GMT-0700 (PDT) -->Controller Class Initialized
DEBUG 00:10:16 GMT-0700 (PDT) -->Model Class Initialized
DEBUG 00:21:58 GMT-0700 (PDT) -->Exspresso copyright 2012 Dark Overlord of Data
DEBUG 00:21:58 GMT-0700 (PDT) -->Config Class Initialized
DEBUG 00:21:58 GMT-0700 (PDT) -->Language Class Initialized
DEBUG 00:21:59 GMT-0700 (PDT) -->Loader Class Initialized
DEBUG 00:21:59 GMT-0700 (PDT) -->Middleware profiler initialized
DEBUG 00:21:59 GMT-0700 (PDT) -->Router Class Initialized
DEBUG 00:21:59 GMT-0700 (PDT) -->listening on port 5000
DEBUG 00:22:04 GMT-0700 (PDT) -->Controller Class Initialized
DEBUG 00:22:06 GMT-0700 (PDT) -->Controller Class Initialized
DEBUG 00:22:06 GMT-0700 (PDT) -->Model Class Initialized
DEBUG 00:29:51 GMT-0700 (PDT) -->Exspresso copyright 2012 Dark Overlord of Data
DEBUG 00:29:51 GMT-0700 (PDT) -->Config Class Initialized
DEBUG 00:29:51 GMT-0700 (PDT) -->Loader Class Initialized
DEBUG 00:29:51 GMT-0700 (PDT) -->Middleware profiler initialized
DEBUG 00:29:52 GMT-0700 (PDT) -->Router Class Initialized
DEBUG 00:29:52 GMT-0700 (PDT) -->listening on port 5000
DEBUG 00:29:56 GMT-0700 (PDT) -->Controller Class Initialized
DEBUG 00:29:58 GMT-0700 (PDT) -->Controller Class Initialized
DEBUG 00:29:58 GMT-0700 (PDT) -->Model Class Initialized
DEBUG 00:30:01 GMT-0700 (PDT) -->Controller Class Initialized
DEBUG 00:30:03 GMT-0700 (PDT) -->Controller Class Initialized
DEBUG 00:30:06 GMT-0700 (PDT) -->Controller Class Initialized
DEBUG 00:59:26 GMT-0700 (PDT) -->Exspresso copyright 2012 Dark Overlord of Data
DEBUG 00:59:27 GMT-0700 (PDT) -->Config Class Initialized
DEBUG 00:59:27 GMT-0700 (PDT) -->Loader Class Initialized
DEBUG 00:59:27 GMT-0700 (PDT) -->Middleware profiler initialized
DEBUG 00:59:27 GMT-0700 (PDT) -->Router Class Initialized
DEBUG 00:59:27 GMT-0700 (PDT) -->listening on port 5000
DEBUG 00:59:35 GMT-0700 (PDT) -->Controller Class Initialized
DEBUG 00:59:38 GMT-0700 (PDT) -->Controller Class Initialized
DEBUG 00:59:38 GMT-0700 (PDT) -->Model Class Initialized
DEBUG 01:02:42 GMT-0700 (PDT) -->Exspresso copyright 2012 Dark Overlord of Data
DEBUG 01:02:42 GMT-0700 (PDT) -->Config Class Initialized
DEBUG 01:02:42 GMT-0700 (PDT) -->Loader Class Initialized
DEBUG 01:02:42 GMT-0700 (PDT) -->Middleware profiler initialized
DEBUG 01:02:42 GMT-0700 (PDT) -->Router Class Initialized
DEBUG 01:02:42 GMT-0700 (PDT) -->listening on port 5000
DEBUG 01:02:49 GMT-0700 (PDT) -->Controller Class Initialized
DEBUG 01:08:55 GMT-0700 (PDT) -->Exspresso copyright 2012 Dark Overlord of Data
DEBUG 01:08:55 GMT-0700 (PDT) -->Config Class Initialized
DEBUG 01:08:55 GMT-0700 (PDT) -->Loader Class Initialized
DEBUG 01:08:55 GMT-0700 (PDT) -->Middleware profiler initialized
DEBUG 01:08:55 GMT-0700 (PDT) -->Router Class Initialized
DEBUG 01:08:55 GMT-0700 (PDT) -->listening on port 5000
DEBUG 01:08:58 GMT-0700 (PDT) -->Controller Class Initialized
DEBUG 01:09:01 GMT-0700 (PDT) -->Controller Class Initialized
DEBUG 01:09:01 GMT-0700 (PDT) -->Model Class Initialized
DEBUG 01:12:32 GMT-0700 (PDT) -->Exspresso copyright 2012 Dark Overlord of Data
DEBUG 01:12:32 GMT-0700 (PDT) -->Config Class Initialized
DEBUG 01:12:32 GMT-0700 (PDT) -->Loader Class Initialized
DEBUG 01:12:32 GMT-0700 (PDT) -->Middleware profiler initialized
DEBUG 01:12:32 GMT-0700 (PDT) -->Router Class Initialized
DEBUG 01:12:32 GMT-0700 (PDT) -->listening on port 5000
DEBUG 01:12:38 GMT-0700 (PDT) -->Controller Class Initialized
DEBUG 01:12:40 GMT-0700 (PDT) -->Controller Class Initialized
DEBUG 01:16:00 GMT-0700 (PDT) -->Exspresso copyright 2012 Dark Overlord of Data
DEBUG 01:16:00 GMT-0700 (PDT) -->Config Class Initialized
DEBUG 01:16:45 GMT-0700 (PDT) -->Exspresso copyright 2012 Dark Overlord of Data
DEBUG 01:16:45 GMT-0700 (PDT) -->Config Class Initialized
DEBUG 01:16:45 GMT-0700 (PDT) -->Loader Class Initialized
DEBUG 01:16:45 GMT-0700 (PDT) -->Middleware profiler initialized
DEBUG 01:16:46 GMT-0700 (PDT) -->Router Class Initialized
DEBUG 01:16:46 GMT-0700 (PDT) -->listening on port 5000
DEBUG 01:16:50 GMT-0700 (PDT) -->Controller Class Initialized
DEBUG 01:16:54 GMT-0700 (PDT) -->Controller Class Initialized
DEBUG 01:16:55 GMT-0700 (PDT) -->Controller Class Initialized
DEBUG 01:16:55 GMT-0700 (PDT) -->Model Class Initialized
DEBUG 01:16:58 GMT-0700 (PDT) -->Controller Class Initialized
DEBUG 01:17:00 GMT-0700 (PDT) -->Controller Class Initialized
DEBUG 01:17:02 GMT-0700 (PDT) -->Controller Class Initialized
DEBUG 01:18:17 GMT-0700 (PDT) -->Exspresso copyright 2012 Dark Overlord of Data
DEBUG 01:18:17 GMT-0700 (PDT) -->Config Class Initialized
DEBUG 01:18:17 GMT-0700 (PDT) -->Loader Class Initialized
DEBUG 01:18:17 GMT-0700 (PDT) -->Middleware profiler initialized
DEBUG 01:18:18 GMT-0700 (PDT) -->Router Class Initialized
DEBUG 01:18:18 GMT-0700 (PDT) -->listening on port 5000
DEBUG 01:18:24 GMT-0700 (PDT) -->Controller Class Initialized
DEBUG 01:20:00 GMT-0700 (PDT) -->Exspresso copyright 2012 Dark Overlord of Data
DEBUG 01:20:00 GMT-0700 (PDT) -->Config Class Initialized
DEBUG 01:20:01 GMT-0700 (PDT) -->Loader Class Initialized
DEBUG 01:20:01 GMT-0700 (PDT) -->Middleware profiler initialized
DEBUG 01:20:01 GMT-0700 (PDT) -->Router Class Initialized
DEBUG 01:20:01 GMT-0700 (PDT) -->listening on port 5000
DEBUG 01:20:07 GMT-0700 (PDT) -->Controller Class Initialized
DEBUG 01:20:10 GMT-0700 (PDT) -->Controller Class Initialized
DEBUG 01:20:10 GMT-0700 (PDT) -->Model Class Initialized
DEBUG 01:20:13 GMT-0700 (PDT) -->Controller Class Initialized
DEBUG 01:27:36 GMT-0700 (PDT) -->Exspresso copyright 2012 Dark Overlord of Data
DEBUG 01:27:36 GMT-0700 (PDT) -->Config Class Initialized
DEBUG 01:27:37 GMT-0700 (PDT) -->Loader Class Initialized
DEBUG 01:27:37 GMT-0700 (PDT) -->Middleware profiler initialized
DEBUG 01:27:37 GMT-0700 (PDT) -->Router Class Initialized
DEBUG 01:27:37 GMT-0700 (PDT) -->listening on port 5000
DEBUG 01:27:44 GMT-0700 (PDT) -->Controller Class Initialized
DEBUG 01:27:45 GMT-0700 (PDT) -->Controller Class Initialized
DEBUG 01:31:07 GMT-0700 (PDT) -->Exspresso copyright 2012 Dark Overlord of Data
DEBUG 01:31:07 GMT-0700 (PDT) -->Config Class Initialized
DEBUG 01:31:07 GMT-0700 (PDT) -->Loader Class Initialized
DEBUG 01:31:07 GMT-0700 (PDT) -->Middleware profiler initialized
DEBUG 01:31:07 GMT-0700 (PDT) -->Router Class Initialized
DEBUG 01:31:07 GMT-0700 (PDT) -->listening on port 5000
DEBUG 01:31:10 GMT-0700 (PDT) -->Controller Class Initialized
DEBUG 11:40:05 GMT-0700 (PDT) -->Exspresso copyright 2012 Dark Overlord of Data
DEBUG 11:40:05 GMT-0700 (PDT) -->Config Class Initialized
DEBUG 11:40:05 GMT-0700 (PDT) -->Loader Class Initialized
DEBUG 11:40:05 GMT-0700 (PDT) -->Middleware profiler initialized
DEBUG 11:40:05 GMT-0700 (PDT) -->Router Class Initialized
DEBUG 11:40:06 GMT-0700 (PDT) -->listening on port 5000
DEBUG 11:40:11 GMT-0700 (PDT) -->Controller Class Initialized
DEBUG 11:40:13 GMT-0700 (PDT) -->Controller Class Initialized
DEBUG 11:40:13 GMT-0700 (PDT) -->Model Class Initialized
DEBUG 11:40:16 GMT-0700 (PDT) -->Controller Class Initialized
DEBUG 11:40:17 GMT-0700 (PDT) -->Controller Class Initialized
DEBUG 11:41:10 GMT-0700 (PDT) -->Exspresso copyright 2012 Dark Overlord of Data
DEBUG 11:41:10 GMT-0700 (PDT) -->Config Class Initialized
DEBUG 11:41:10 GMT-0700 (PDT) -->Loader Class Initialized
DEBUG 11:41:10 GMT-0700 (PDT) -->Middleware profiler initialized
DEBUG 11:41:10 GMT-0700 (PDT) -->Router Class Initialized
DEBUG 11:41:10 GMT-0700 (PDT) -->listening on port 5000
DEBUG 11:41:13 GMT-0700 (PDT) -->Controller Class Initialized
DEBUG 11:42:07 GMT-0700 (PDT) -->Exspresso copyright 2012 Dark Overlord of Data
DEBUG 11:42:07 GMT-0700 (PDT) -->Config Class Initialized
DEBUG 11:42:07 GMT-0700 (PDT) -->Loader Class Initialized
DEBUG 11:42:07 GMT-0700 (PDT) -->Middleware profiler initialized
DEBUG 11:42:07 GMT-0700 (PDT) -->Router Class Initialized
DEBUG 11:42:07 GMT-0700 (PDT) -->listening on port 5000
DEBUG 11:42:10 GMT-0700 (PDT) -->Controller Class Initialized
DEBUG 11:42:12 GMT-0700 (PDT) -->Controller Class Initialized
DEBUG 11:42:12 GMT-0700 (PDT) -->Model Class Initialized
DEBUG 11:42:16 GMT-0700 (PDT) -->Controller Class Initialized
DEBUG 11:42:18 GMT-0700 (PDT) -->Controller Class Initialized
DEBUG 11:42:20 GMT-0700 (PDT) -->Controller Class Initialized
