DEBUG 15:13:44 GMT-0700 (PDT) -->Exspresso copyright 2012 Dark Overlord of Data
DEBUG 15:13:44 GMT-0700 (PDT) -->Config Class Initialized
DEBUG 15:13:44 GMT-0700 (PDT) -->Lang Class Initialized
DEBUG 15:13:44 GMT-0700 (PDT) -->Output Class Initialized
DEBUG 15:13:44 GMT-0700 (PDT) -->Loader Class Initialized
DEBUG 15:13:44 GMT-0700 (PDT) -->Middleware profiler initialized
DEBUG 15:13:44 GMT-0700 (PDT) -->Router Class Initialized
DEBUG 15:13:44 GMT-0700 (PDT) -->listening on port 5000
DEBUG 15:13:47 GMT-0700 (PDT) -->Controller Class Initialized
DEBUG 15:16:46 GMT-0700 (PDT) -->Exspresso copyright 2012 Dark Overlord of Data
DEBUG 15:16:46 GMT-0700 (PDT) -->Config Class Initialized
DEBUG 15:16:46 GMT-0700 (PDT) -->Lang Class Initialized
DEBUG 15:16:46 GMT-0700 (PDT) -->Output Class Initialized
DEBUG 15:16:47 GMT-0700 (PDT) -->Loader Class Initialized
DEBUG 15:16:47 GMT-0700 (PDT) -->Middleware profiler initialized
DEBUG 15:16:47 GMT-0700 (PDT) -->Router Class Initialized
DEBUG 15:16:47 GMT-0700 (PDT) -->listening on port 5000
DEBUG 15:16:50 GMT-0700 (PDT) -->Controller Class Initialized
DEBUG 15:18:17 GMT-0700 (PDT) -->Exspresso copyright 2012 Dark Overlord of Data
DEBUG 15:18:17 GMT-0700 (PDT) -->Config Class Initialized
DEBUG 15:18:18 GMT-0700 (PDT) -->Lang Class Initialized
DEBUG 15:18:18 GMT-0700 (PDT) -->Output Class Initialized
DEBUG 15:18:18 GMT-0700 (PDT) -->Loader Class Initialized
DEBUG 15:18:18 GMT-0700 (PDT) -->Middleware profiler initialized
DEBUG 15:18:18 GMT-0700 (PDT) -->Router Class Initialized
DEBUG 15:18:18 GMT-0700 (PDT) -->listening on port 5000
DEBUG 15:18:20 GMT-0700 (PDT) -->Controller Class Initialized
DEBUG 15:19:16 GMT-0700 (PDT) -->Exspresso copyright 2012 Dark Overlord of Data
DEBUG 15:19:16 GMT-0700 (PDT) -->Config Class Initialized
DEBUG 15:19:17 GMT-0700 (PDT) -->Lang Class Initialized
DEBUG 15:19:17 GMT-0700 (PDT) -->Output Class Initialized
DEBUG 15:19:17 GMT-0700 (PDT) -->Loader Class Initialized
DEBUG 15:19:17 GMT-0700 (PDT) -->Middleware profiler initialized
DEBUG 15:19:17 GMT-0700 (PDT) -->Router Class Initialized
DEBUG 15:19:17 GMT-0700 (PDT) -->listening on port 5000
DEBUG 15:19:19 GMT-0700 (PDT) -->Controller Class Initialized
DEBUG 15:20:03 GMT-0700 (PDT) -->Exspresso copyright 2012 Dark Overlord of Data
DEBUG 15:20:03 GMT-0700 (PDT) -->Config Class Initialized
DEBUG 15:20:04 GMT-0700 (PDT) -->Lang Class Initialized
DEBUG 15:20:04 GMT-0700 (PDT) -->Output Class Initialized
DEBUG 15:20:04 GMT-0700 (PDT) -->Loader Class Initialized
DEBUG 15:20:04 GMT-0700 (PDT) -->Middleware profiler initialized
DEBUG 15:20:04 GMT-0700 (PDT) -->Router Class Initialized
DEBUG 15:20:04 GMT-0700 (PDT) -->listening on port 5000
DEBUG 15:20:06 GMT-0700 (PDT) -->Controller Class Initialized
DEBUG 15:20:07 GMT-0700 (PDT) -->Controller Class Initialized
DEBUG 15:42:04 GMT-0700 (PDT) -->Exspresso copyright 2012 Dark Overlord of Data
DEBUG 15:42:04 GMT-0700 (PDT) -->Config Class Initialized
DEBUG 15:42:04 GMT-0700 (PDT) -->Lang Class Initialized
DEBUG 15:42:04 GMT-0700 (PDT) -->Output Class Initialized
DEBUG 15:42:05 GMT-0700 (PDT) -->Loader Class Initialized
DEBUG 15:42:05 GMT-0700 (PDT) -->Middleware profiler initialized
DEBUG 15:42:05 GMT-0700 (PDT) -->Router Class Initialized
DEBUG 15:42:05 GMT-0700 (PDT) -->listening on port 5000
DEBUG 15:42:10 GMT-0700 (PDT) -->Controller Class Initialized
DEBUG 15:42:20 GMT-0700 (PDT) -->Controller Class Initialized
DEBUG 15:43:40 GMT-0700 (PDT) -->Exspresso copyright 2012 Dark Overlord of Data
DEBUG 15:43:40 GMT-0700 (PDT) -->Config Class Initialized
DEBUG 15:43:40 GMT-0700 (PDT) -->Lang Class Initialized
DEBUG 15:43:40 GMT-0700 (PDT) -->Output Class Initialized
DEBUG 15:43:41 GMT-0700 (PDT) -->Loader Class Initialized
DEBUG 15:43:41 GMT-0700 (PDT) -->Middleware profiler initialized
DEBUG 15:43:41 GMT-0700 (PDT) -->Router Class Initialized
DEBUG 15:43:41 GMT-0700 (PDT) -->listening on port 5000
DEBUG 15:43:44 GMT-0700 (PDT) -->Controller Class Initialized
DEBUG 15:46:47 GMT-0700 (PDT) -->Exspresso copyright 2012 Dark Overlord of Data
DEBUG 15:46:47 GMT-0700 (PDT) -->Config Class Initialized
DEBUG 15:46:47 GMT-0700 (PDT) -->Lang Class Initialized
DEBUG 15:46:47 GMT-0700 (PDT) -->Output Class Initialized
DEBUG 15:46:47 GMT-0700 (PDT) -->Loader Class Initialized
DEBUG 15:46:47 GMT-0700 (PDT) -->Middleware profiler initialized
DEBUG 15:46:47 GMT-0700 (PDT) -->Router Class Initialized
DEBUG 15:46:47 GMT-0700 (PDT) -->listening on port 5000
DEBUG 15:48:25 GMT-0700 (PDT) -->Exspresso copyright 2012 Dark Overlord of Data
DEBUG 15:48:25 GMT-0700 (PDT) -->Config Class Initialized
DEBUG 15:48:25 GMT-0700 (PDT) -->Lang Class Initialized
DEBUG 15:48:25 GMT-0700 (PDT) -->Output Class Initialized
DEBUG 15:48:25 GMT-0700 (PDT) -->Loader Class Initialized
DEBUG 15:48:25 GMT-0700 (PDT) -->Middleware profiler initialized
DEBUG 15:48:25 GMT-0700 (PDT) -->Router Class Initialized
DEBUG 15:48:25 GMT-0700 (PDT) -->listening on port 5000
DEBUG 15:49:01 GMT-0700 (PDT) -->Exspresso copyright 2012 Dark Overlord of Data
DEBUG 15:49:01 GMT-0700 (PDT) -->Config Class Initialized
DEBUG 15:49:01 GMT-0700 (PDT) -->Lang Class Initialized
DEBUG 15:49:01 GMT-0700 (PDT) -->Output Class Initialized
DEBUG 15:49:01 GMT-0700 (PDT) -->Loader Class Initialized
DEBUG 15:49:01 GMT-0700 (PDT) -->Middleware profiler initialized
DEBUG 15:49:01 GMT-0700 (PDT) -->Router Class Initialized
DEBUG 15:49:01 GMT-0700 (PDT) -->listening on port 5000
DEBUG 15:49:18 GMT-0700 (PDT) -->Controller Class Initialized
DEBUG 15:50:32 GMT-0700 (PDT) -->Exspresso copyright 2012 Dark Overlord of Data
DEBUG 15:50:32 GMT-0700 (PDT) -->Config Class Initialized
DEBUG 15:50:32 GMT-0700 (PDT) -->Lang Class Initialized
DEBUG 15:50:32 GMT-0700 (PDT) -->Output Class Initialized
DEBUG 15:50:33 GMT-0700 (PDT) -->Loader Class Initialized
DEBUG 15:50:33 GMT-0700 (PDT) -->Middleware profiler initialized
DEBUG 15:50:33 GMT-0700 (PDT) -->Router Class Initialized
DEBUG 15:50:33 GMT-0700 (PDT) -->listening on port 5000
DEBUG 15:50:36 GMT-0700 (PDT) -->Controller Class Initialized
DEBUG 15:51:03 GMT-0700 (PDT) -->Exspresso copyright 2012 Dark Overlord of Data
DEBUG 15:51:03 GMT-0700 (PDT) -->Config Class Initialized
DEBUG 15:51:04 GMT-0700 (PDT) -->Lang Class Initialized
DEBUG 15:51:04 GMT-0700 (PDT) -->Output Class Initialized
DEBUG 15:51:04 GMT-0700 (PDT) -->Loader Class Initialized
DEBUG 15:51:04 GMT-0700 (PDT) -->Middleware profiler initialized
DEBUG 15:51:04 GMT-0700 (PDT) -->Router Class Initialized
DEBUG 15:51:04 GMT-0700 (PDT) -->listening on port 5000
DEBUG 15:51:06 GMT-0700 (PDT) -->Controller Class Initialized
DEBUG 15:52:40 GMT-0700 (PDT) -->Exspresso copyright 2012 Dark Overlord of Data
DEBUG 15:52:40 GMT-0700 (PDT) -->Config Class Initialized
DEBUG 15:52:41 GMT-0700 (PDT) -->Lang Class Initialized
DEBUG 15:52:41 GMT-0700 (PDT) -->Output Class Initialized
DEBUG 15:52:41 GMT-0700 (PDT) -->Loader Class Initialized
DEBUG 15:52:41 GMT-0700 (PDT) -->Middleware profiler initialized
DEBUG 15:52:41 GMT-0700 (PDT) -->Router Class Initialized
DEBUG 15:52:41 GMT-0700 (PDT) -->listening on port 5000
DEBUG 15:52:43 GMT-0700 (PDT) -->Controller Class Initialized
DEBUG 15:54:32 GMT-0700 (PDT) -->Exspresso copyright 2012 Dark Overlord of Data
DEBUG 15:54:32 GMT-0700 (PDT) -->Config Class Initialized
DEBUG 15:54:32 GMT-0700 (PDT) -->Lang Class Initialized
DEBUG 15:54:32 GMT-0700 (PDT) -->Output Class Initialized
DEBUG 15:54:32 GMT-0700 (PDT) -->Loader Class Initialized
DEBUG 15:54:32 GMT-0700 (PDT) -->Middleware profiler initialized
DEBUG 15:54:32 GMT-0700 (PDT) -->Router Class Initialized
DEBUG 15:54:32 GMT-0700 (PDT) -->listening on port 5000
DEBUG 15:54:36 GMT-0700 (PDT) -->Controller Class Initialized
DEBUG 15:55:19 GMT-0700 (PDT) -->Exspresso copyright 2012 Dark Overlord of Data
DEBUG 15:55:19 GMT-0700 (PDT) -->Config Class Initialized
DEBUG 15:55:19 GMT-0700 (PDT) -->Lang Class Initialized
DEBUG 15:55:20 GMT-0700 (PDT) -->Output Class Initialized
DEBUG 15:55:20 GMT-0700 (PDT) -->Loader Class Initialized
DEBUG 15:55:20 GMT-0700 (PDT) -->Middleware profiler initialized
DEBUG 15:55:20 GMT-0700 (PDT) -->Router Class Initialized
DEBUG 15:55:20 GMT-0700 (PDT) -->listening on port 5000
DEBUG 15:55:23 GMT-0700 (PDT) -->Controller Class Initialized
DEBUG 15:56:09 GMT-0700 (PDT) -->Exspresso copyright 2012 Dark Overlord of Data
DEBUG 15:56:09 GMT-0700 (PDT) -->Config Class Initialized
DEBUG 15:56:10 GMT-0700 (PDT) -->Lang Class Initialized
DEBUG 15:56:10 GMT-0700 (PDT) -->Output Class Initialized
DEBUG 15:56:10 GMT-0700 (PDT) -->Loader Class Initialized
DEBUG 15:56:10 GMT-0700 (PDT) -->Middleware profiler initialized
DEBUG 15:56:10 GMT-0700 (PDT) -->Router Class Initialized
DEBUG 15:56:10 GMT-0700 (PDT) -->listening on port 5000
DEBUG 15:56:13 GMT-0700 (PDT) -->Controller Class Initialized
DEBUG 15:56:49 GMT-0700 (PDT) -->Exspresso copyright 2012 Dark Overlord of Data
DEBUG 15:56:49 GMT-0700 (PDT) -->Config Class Initialized
DEBUG 15:56:49 GMT-0700 (PDT) -->Lang Class Initialized
DEBUG 15:56:49 GMT-0700 (PDT) -->Output Class Initialized
DEBUG 15:56:49 GMT-0700 (PDT) -->Loader Class Initialized
DEBUG 15:56:49 GMT-0700 (PDT) -->Middleware profiler initialized
DEBUG 15:56:49 GMT-0700 (PDT) -->Router Class Initialized
DEBUG 15:56:49 GMT-0700 (PDT) -->listening on port 5000
DEBUG 15:56:52 GMT-0700 (PDT) -->Controller Class Initialized
DEBUG 15:59:41 GMT-0700 (PDT) -->Exspresso copyright 2012 Dark Overlord of Data
DEBUG 15:59:42 GMT-0700 (PDT) -->Config Class Initialized
DEBUG 15:59:42 GMT-0700 (PDT) -->Lang Class Initialized
DEBUG 15:59:42 GMT-0700 (PDT) -->Output Class Initialized
DEBUG 15:59:42 GMT-0700 (PDT) -->Loader Class Initialized
DEBUG 15:59:42 GMT-0700 (PDT) -->Middleware profiler initialized
DEBUG 15:59:42 GMT-0700 (PDT) -->Router Class Initialized
DEBUG 15:59:42 GMT-0700 (PDT) -->listening on port 5000
DEBUG 15:59:45 GMT-0700 (PDT) -->Controller Class Initialized
DEBUG 15:59:45 GMT-0700 (PDT) -->Model Class Initialized
DEBUG 16:00:20 GMT-0700 (PDT) -->Exspresso copyright 2012 Dark Overlord of Data
DEBUG 16:00:20 GMT-0700 (PDT) -->Config Class Initialized
DEBUG 16:00:21 GMT-0700 (PDT) -->Lang Class Initialized
DEBUG 16:00:21 GMT-0700 (PDT) -->Output Class Initialized
DEBUG 16:00:21 GMT-0700 (PDT) -->Loader Class Initialized
DEBUG 16:00:21 GMT-0700 (PDT) -->Middleware profiler initialized
DEBUG 16:00:21 GMT-0700 (PDT) -->Router Class Initialized
DEBUG 16:00:21 GMT-0700 (PDT) -->listening on port 5000
DEBUG 16:00:24 GMT-0700 (PDT) -->Controller Class Initialized
DEBUG 16:00:24 GMT-0700 (PDT) -->Model Class Initialized
DEBUG 16:04:07 GMT-0700 (PDT) -->Exspresso copyright 2012 Dark Overlord of Data
DEBUG 16:04:07 GMT-0700 (PDT) -->Config Class Initialized
DEBUG 16:04:07 GMT-0700 (PDT) -->Lang Class Initialized
DEBUG 16:04:07 GMT-0700 (PDT) -->Output Class Initialized
DEBUG 16:04:07 GMT-0700 (PDT) -->Loader Class Initialized
DEBUG 16:04:07 GMT-0700 (PDT) -->Middleware profiler initialized
DEBUG 16:04:08 GMT-0700 (PDT) -->Router Class Initialized
DEBUG 16:04:08 GMT-0700 (PDT) -->listening on port 5000
DEBUG 16:04:10 GMT-0700 (PDT) -->Controller Class Initialized
DEBUG 16:04:10 GMT-0700 (PDT) -->Model Class Initialized
DEBUG 16:31:50 GMT-0700 (PDT) -->Exspresso copyright 2012 Dark Overlord of Data
DEBUG 16:31:50 GMT-0700 (PDT) -->Config Class Initialized
DEBUG 16:31:50 GMT-0700 (PDT) -->Lang Class Initialized
DEBUG 16:31:51 GMT-0700 (PDT) -->Output Class Initialized
DEBUG 16:31:51 GMT-0700 (PDT) -->Loader Class Initialized
DEBUG 16:31:51 GMT-0700 (PDT) -->Middleware profiler initialized
DEBUG 16:31:51 GMT-0700 (PDT) -->Router Class Initialized
DEBUG 16:31:51 GMT-0700 (PDT) -->listening on port 5000
DEBUG 16:31:55 GMT-0700 (PDT) -->Controller Class Initialized
DEBUG 16:31:55 GMT-0700 (PDT) -->Model Class Initialized
DEBUG 16:31:58 GMT-0700 (PDT) -->Controller Class Initialized
DEBUG 16:38:44 GMT-0700 (PDT) -->Exspresso copyright 2012 Dark Overlord of Data
DEBUG 16:38:44 GMT-0700 (PDT) -->Config Class Initialized
DEBUG 16:38:44 GMT-0700 (PDT) -->Lang Class Initialized
DEBUG 16:38:44 GMT-0700 (PDT) -->Output Class Initialized
DEBUG 16:38:45 GMT-0700 (PDT) -->Loader Class Initialized
DEBUG 16:38:45 GMT-0700 (PDT) -->Middleware profiler initialized
DEBUG 16:38:45 GMT-0700 (PDT) -->Router Class Initialized
DEBUG 16:38:45 GMT-0700 (PDT) -->listening on port 5000
DEBUG 16:38:49 GMT-0700 (PDT) -->Controller Class Initialized
DEBUG 16:38:49 GMT-0700 (PDT) -->Model Class Initialized
DEBUG 16:39:05 GMT-0700 (PDT) -->Controller Class Initialized
DEBUG 16:39:09 GMT-0700 (PDT) -->Controller Class Initialized
DEBUG 16:39:15 GMT-0700 (PDT) -->Exspresso copyright 2012 Dark Overlord of Data
DEBUG 16:39:15 GMT-0700 (PDT) -->Config Class Initialized
DEBUG 16:39:15 GMT-0700 (PDT) -->Lang Class Initialized
DEBUG 16:39:15 GMT-0700 (PDT) -->Output Class Initialized
DEBUG 16:39:16 GMT-0700 (PDT) -->Loader Class Initialized
DEBUG 16:39:16 GMT-0700 (PDT) -->Middleware profiler initialized
DEBUG 16:39:16 GMT-0700 (PDT) -->Router Class Initialized
DEBUG 16:39:16 GMT-0700 (PDT) -->listening on port 5000
DEBUG 16:39:20 GMT-0700 (PDT) -->Controller Class Initialized
DEBUG 16:39:20 GMT-0700 (PDT) -->Model Class Initialized
DEBUG 16:43:00 GMT-0700 (PDT) -->Exspresso copyright 2012 Dark Overlord of Data
DEBUG 16:43:00 GMT-0700 (PDT) -->Config Class Initialized
DEBUG 16:43:00 GMT-0700 (PDT) -->Lang Class Initialized
DEBUG 16:43:00 GMT-0700 (PDT) -->Output Class Initialized
DEBUG 16:43:00 GMT-0700 (PDT) -->Loader Class Initialized
DEBUG 16:43:00 GMT-0700 (PDT) -->Middleware profiler initialized
DEBUG 16:43:01 GMT-0700 (PDT) -->Router Class Initialized
DEBUG 16:43:01 GMT-0700 (PDT) -->listening on port 5000
DEBUG 16:43:05 GMT-0700 (PDT) -->Controller Class Initialized
DEBUG 16:43:07 GMT-0700 (PDT) -->Controller Class Initialized
DEBUG 16:43:07 GMT-0700 (PDT) -->Model Class Initialized
DEBUG 16:43:14 GMT-0700 (PDT) -->Controller Class Initialized
DEBUG 16:45:47 GMT-0700 (PDT) -->Exspresso copyright 2012 Dark Overlord of Data
DEBUG 16:45:47 GMT-0700 (PDT) -->Config Class Initialized
DEBUG 16:45:47 GMT-0700 (PDT) -->Lang Class Initialized
DEBUG 16:45:47 GMT-0700 (PDT) -->Output Class Initialized
DEBUG 16:45:48 GMT-0700 (PDT) -->Loader Class Initialized
DEBUG 16:45:48 GMT-0700 (PDT) -->Middleware profiler initialized
DEBUG 16:45:48 GMT-0700 (PDT) -->Router Class Initialized
DEBUG 16:45:48 GMT-0700 (PDT) -->listening on port 5000
DEBUG 16:45:53 GMT-0700 (PDT) -->Controller Class Initialized
DEBUG 16:45:53 GMT-0700 (PDT) -->Model Class Initialized
DEBUG 16:46:02 GMT-0700 (PDT) -->Controller Class Initialized
